01002017/6/12 14:36 NewLogFile for client SCanIO
040414:36:47.000 Assembly: vshost32, ProductVersion=14.0.23107.0, Version=14.0.0.0, FileVersion=14.0.23107.0 of Company Microsoft_Corporation loaded from C:\zhaomin\sourcecode\RDS\RDS\RDS\bin\Debug\RDS.vshost.exe
040414:36:47.002 Assembly: Microsoft.Expression.Drawing, Version=4.5.0.0, FileVersion=3.0.40218.0 of Company Microsoft_Corporation loaded from C:\zhaomin\sourcecode\RDS\RDS\RDS\bin\Debug\Apps\Dlls\Microsoft.Expression.Drawing.dll
040414:36:47.003 Assembly: Microsoft.Expression.Effects, Version=4.5.0.0, FileVersion=3.0.40218.0 of Company Microsoft_Corporation loaded from C:\zhaomin\sourcecode\RDS\RDS\RDS\bin\Debug\Apps\Dlls\Microsoft.Expression.Effects.dll
040414:36:47.003 Assembly: Microsoft.Expression.Interactions, Version=4.5.0.0, FileVersion=3.0.40218.0 of Company Microsoft_Corporation loaded from C:\zhaomin\sourcecode\RDS\RDS\RDS\bin\Debug\Apps\Dlls\Microsoft.Expression.Interactions.dll
400414:36:47.004 Unsigned Assembly: System.Data.SQLite, Version=1.0.104.0, FileVersion=1.0.104.0 of Company https://system.data.sqlit loaded from C:\zhaomin\sourcecode\RDS\RDS\RDS\bin\Debug\Apps\Dlls\System.Data.SQLite.dll
040414:36:47.005 Assembly: System.Windows.Interactivity, Version=4.5.0.0, FileVersion=3.0.40218.0 of Company Microsoft_Corporation loaded from C:\zhaomin\sourcecode\RDS\RDS\RDS\bin\Debug\Apps\Dlls\System.Windows.Interactivity.dll
040414:36:47.005 Assembly: RDS, Version=1.0.0.0, FileVersion=1.0.0.0 loaded from C:\zhaomin\sourcecode\RDS\RDS\RDS\bin\Debug\RDS.exe
400414:36:47.006 Unsigned Assembly: RdEntity, Version=1.0.0.0, FileVersion=1.0.0.0 loaded from C:\zhaomin\sourcecode\RDS\RDS\RDS\bin\Debug\RdEntity.dll
400414:36:47.007 Unsigned Assembly: RdCore, Version=1.0.0.0, FileVersion=1.0.0.0 loaded from C:\zhaomin\sourcecode\RDS\RDS\RDS\bin\Debug\RdCore.dll
100414:36:47.009 Signed Assembly Core, ProductVersion=1.4.1, Version=1.2.6.0, FileVersion=1.2.6.2129 of Company Sias_AG loaded from C:\zhaomin\sourcecode\RDS\RDS\RDS\bin\Debug\bin\Core.dll
020414:36:47.011 No key for Assembly: SmartPropertyGrid, Version=3.0.0.45, FileVersion=3.0.0.45 of Company VisualHint loaded from C:\zhaomin\sourcecode\RDS\RDS\RDS\bin\Debug\SmartPropertyGrid.dll
100414:36:47.013 Signed Assembly DEV_CanDev, ProductVersion=1.4.1, Version=1.2.7.0, FileVersion=1.2.7.2129 of Company Sias_AG loaded from C:\zhaomin\sourcecode\RDS\RDS\RDS\bin\Debug\bin\Devices\DEV_CanDev.dll
040414:36:47.015 Startup:
040414:36:47.016  - Work Path = C:\zhaomin\sourcecode\RDS\RDS\RDS\bin\Debug
040414:36:47.016  - StartPath = C:\zhaomin\sourcecode\RDS\RDS\RDS\bin\Debug\
040414:36:47.016  - Core Path = C:\zhaomin\sourcecode\RDS\RDS\RDS\bin\Debug\bin
040414:36:47.020  - SetupFile = Sias.Config.xml
040414:36:47.020 SConfigurationManager base paths:
040414:36:47.021  - Old  Base Path = C:\zhaomin\sourcecode\RDS\RDS\RDS\bin\Debug
040414:36:47.021  - Bin. Base Path = C:\zhaomin\sourcecode\RDS\RDS\RDS\bin\Debug\
040414:36:47.021  - Data Base Path = C:\zhaomin\sourcecode\RDS\RDS\RDS\bin\Debug
040414:36:47.022 SConfigurationManager:
040414:36:47.022  - Driver Path = C:\zhaomin\sourcecode\RDS\RDS\RDS\bin\Debug\bin\Devices
100414:36:47.022 Signed Assembly Dev_BaseDev, ProductVersion=1.4.1, Version=1.2.6.0, FileVersion=1.2.6.2129 of Company Sias_AG loaded from C:\zhaomin\sourcecode\RDS\RDS\RDS\bin\Debug\bin\Devices\Dev_BaseDev.dll
040414:36:47.063  - Layout Path = C:\zhaomin\sourcecode\RDS\RDS\RDS\bin\Debug\data\Layouts
040414:36:47.064  - Device Path = C:\zhaomin\sourcecode\RDS\RDS\RDS\bin\Debug\data\Devices
100414:36:47.070 Signed Assembly TipManager, ProductVersion=1.4.1, Version=1.2.3.0, FileVersion=1.2.3.2129 of Company Sias_AG loaded from C:\zhaomin\sourcecode\RDS\RDS\RDS\bin\Debug\bin\TipManager.dll
100414:36:47.077 Signed Assembly LiquidManager, ProductVersion=1.4.1, Version=1.2.3.0, FileVersion=1.2.3.2129 of Company Sias_AG loaded from C:\zhaomin\sourcecode\RDS\RDS\RDS\bin\Debug\bin\LiquidManager.dll
100414:36:47.084 Signed Assembly DetectionManager, ProductVersion=1.4.1, Version=1.0.2.0, FileVersion=1.0.2.2129 of Company Sias_AG loaded from C:\zhaomin\sourcecode\RDS\RDS\RDS\bin\Debug\bin\DetectionManager.dll
100414:36:47.500 Signed Assembly Dev_Robot, ProductVersion=1.4.1, Version=1.2.5.0, FileVersion=1.2.5.2129 of Company Sias_AG loaded from C:\zhaomin\sourcecode\RDS\RDS\RDS\bin\Debug\bin\Devices\Dev_Robot.dll
100414:36:47.509 Signed Assembly Dev_PipArm, ProductVersion=1.4.1, Version=1.2.6.0, FileVersion=1.2.6.2129 of Company Sias_AG loaded from C:\zhaomin\sourcecode\RDS\RDS\RDS\bin\Debug\bin\Devices\Dev_PipArm.dll
100414:36:47.517 Signed Assembly Dev_DropStation, ProductVersion=1.4.1, Version=1.2.3.0, FileVersion=1.2.3.2129 of Company Sias_AG loaded from C:\zhaomin\sourcecode\RDS\RDS\RDS\bin\Debug\bin\Devices\Dev_DropStation.dll
100414:36:47.524 Signed Assembly LayoutManager, ProductVersion=1.4.1, Version=1.2.2.0, FileVersion=1.2.2.2129 of Company Sias_AG loaded from C:\zhaomin\sourcecode\RDS\RDS\RDS\bin\Debug\bin\LayoutManager.dll
100414:36:47.531 Signed Assembly DatabaseManager, ProductVersion=1.4.1, Version=1.2.2.0, FileVersion=1.2.2.2129 of Company Sias_AG loaded from C:\zhaomin\sourcecode\RDS\RDS\RDS\bin\Debug\bin\DatabaseManager.dll
100414:36:47.545 Signed Assembly Layout, ProductVersion=1.4.1, Version=1.2.6.0, FileVersion=1.2.6.2129 of Company Sias_AG loaded from C:\zhaomin\sourcecode\RDS\RDS\RDS\bin\Debug\bin\Layout.dll
100414:36:47.555 Signed Assembly LayoutDB, ProductVersion=1.4.1, Version=1.2.3.0, FileVersion=1.2.3.2129 of Company Sias_AG loaded from C:\zhaomin\sourcecode\RDS\RDS\RDS\bin\Debug\bin\LayoutDB.dll
100414:36:47.899 Signed Assembly DeviceManager, ProductVersion=1.4.1, Version=1.2.5.0, FileVersion=1.2.5.2129 of Company Sias_AG loaded from C:\zhaomin\sourcecode\RDS\RDS\RDS\bin\Debug\bin\DeviceManager.dll
100414:36:47.925 Signed Assembly Dev_BarcodeYZ, ProductVersion=1.4.1, Version=1.2.3.0, FileVersion=1.2.3.2129 of Company Sias_AG loaded from C:\zhaomin\sourcecode\RDS\RDS\RDS\bin\Debug\bin\Devices\Dev_BarcodeYZ.dll
100414:36:48.562 Signed Assembly Dev_BCReader, ProductVersion=1.4.1, Version=1.2.1.0, FileVersion=1.2.1.2129 of Company Sias_AG loaded from C:\zhaomin\sourcecode\RDS\RDS\RDS\bin\Debug\bin\Devices\Dev_BCReader.dll
100414:36:48.569 Signed Assembly Dev_BottleSensor, ProductVersion=1.4.1, Version=0.9.0.0, FileVersion=0.9.0.2129 of Company Sias_AG loaded from C:\zhaomin\sourcecode\RDS\RDS\RDS\bin\Debug\bin\Devices\Dev_BottleSensor.dll
100414:36:48.578 Signed Assembly Dev_Centrifuge, ProductVersion=1.4.1, Version=1.2.3.0, FileVersion=1.2.3.2129 of Company Sias_AG loaded from C:\zhaomin\sourcecode\RDS\RDS\RDS\bin\Debug\bin\Devices\Dev_Centrifuge.dll
100414:36:48.588 Signed Assembly Dev_CombiArm, ProductVersion=1.4.1, Version=0.9.0.0, FileVersion=0.9.0.2129 of Company Sias_AG loaded from C:\zhaomin\sourcecode\RDS\RDS\RDS\bin\Debug\bin\Devices\Dev_CombiArm.dll
100414:36:48.643 Signed Assembly Dev_GripArm, ProductVersion=1.4.1, Version=1.2.6.0, FileVersion=1.2.6.2129 of Company Sias_AG loaded from C:\zhaomin\sourcecode\RDS\RDS\RDS\bin\Debug\bin\Devices\Dev_GripArm.dll
100414:36:48.779 Signed Assembly Dev_Motor, ProductVersion=1.4.1, Version=1.2.2.0, FileVersion=1.2.2.2129 of Company Sias_AG loaded from C:\zhaomin\sourcecode\RDS\RDS\RDS\bin\Debug\bin\Devices\Dev_Motor.dll
100414:36:48.787 Signed Assembly Dev_Cover, ProductVersion=1.4.1, Version=0.9.1.0, FileVersion=0.9.1.2129 of Company Sias_AG loaded from C:\zhaomin\sourcecode\RDS\RDS\RDS\bin\Debug\bin\Devices\Dev_Cover.dll
100414:36:48.799 Signed Assembly Dev_DownHolder, ProductVersion=1.4.1, Version=1.0.1.0, FileVersion=1.0.1.2129 of Company Sias_AG loaded from C:\zhaomin\sourcecode\RDS\RDS\RDS\bin\Debug\bin\Devices\Dev_DownHolder.dll
100414:36:48.806 Signed Assembly Dev_DynamicWasher, ProductVersion=1.4.1, Version=1.0.4.0, FileVersion=1.0.4.2129 of Company Sias_AG loaded from C:\zhaomin\sourcecode\RDS\RDS\RDS\bin\Debug\bin\Devices\Dev_DynamicWasher.dll
100414:36:48.813 Signed Assembly Dev_Washer, ProductVersion=1.4.1, Version=1.2.2.0, FileVersion=1.2.2.2129 of Company Sias_AG loaded from C:\zhaomin\sourcecode\RDS\RDS\RDS\bin\Debug\bin\Devices\Dev_Washer.dll
100414:36:48.821 Signed Assembly WashManager, ProductVersion=1.4.1, Version=1.2.0.0, FileVersion=1.2.0.2129 of Company Sias_AG loaded from C:\zhaomin\sourcecode\RDS\RDS\RDS\bin\Debug\bin\WashManager.dll
100414:36:48.834 Signed Assembly Dev_GripperBarcodeYZ, ProductVersion=1.4.1, Version=1.2.2.0, FileVersion=1.2.2.2129 of Company Sias_AG loaded from C:\zhaomin\sourcecode\RDS\RDS\RDS\bin\Debug\bin\Devices\Dev_GripperBarcodeYZ.dll
100414:36:48.889 Signed Assembly Dev_GripperFlexBcrYZ, ProductVersion=1.4.1, Version=0.9.0.0, FileVersion=0.9.0.2129 of Company Sias_AG loaded from C:\zhaomin\sourcecode\RDS\RDS\RDS\bin\Debug\bin\Devices\Dev_GripperFlexBcrYZ.dll
100414:36:48.911 Signed Assembly Dev_HeatPos, ProductVersion=1.4.1, Version=1.2.3.0, FileVersion=1.2.3.2129 of Company Sias_AG loaded from C:\zhaomin\sourcecode\RDS\RDS\RDS\bin\Debug\bin\Devices\Dev_HeatPos.dll
100414:36:48.921 Signed Assembly Dev_HumidityChamber, ProductVersion=1.4.1, Version=0.9.0.0, FileVersion=0.9.0.2129 of Company Sias_AG loaded from C:\zhaomin\sourcecode\RDS\RDS\RDS\bin\Debug\bin\Devices\Dev_HumidityChamber.dll
100414:36:48.929 Signed Assembly Dev_IDTrax, ProductVersion=1.4.1, Version=1.2.3.0, FileVersion=1.2.3.2129 of Company Sias_AG loaded from C:\zhaomin\sourcecode\RDS\RDS\RDS\bin\Debug\bin\Devices\Dev_IDTrax.dll
100414:36:49.003 Signed Assembly Dev_IOPort, ProductVersion=1.4.1, Version=0.9.0.0, FileVersion=0.9.0.2129 of Company Sias_AG loaded from C:\zhaomin\sourcecode\RDS\RDS\RDS\bin\Debug\bin\Devices\Dev_IOPort.dll
100414:36:49.013 Signed Assembly Dev_PipPump, ProductVersion=1.4.1, Version=1.2.2.0, FileVersion=1.2.2.2129 of Company Sias_AG loaded from C:\zhaomin\sourcecode\RDS\RDS\RDS\bin\Debug\bin\Devices\Dev_PipPump.dll
100414:36:49.019 Signed Assembly Dev_PlateTrax, ProductVersion=1.4.1, Version=1.2.5.0, FileVersion=1.2.5.2129 of Company Sias_AG loaded from C:\zhaomin\sourcecode\RDS\RDS\RDS\bin\Debug\bin\Devices\Dev_PlateTrax.dll
100414:36:49.025 Signed Assembly Dev_Reader, ProductVersion=1.4.1, Version=1.2.3.0, FileVersion=1.2.3.2129 of Company Sias_AG loaded from C:\zhaomin\sourcecode\RDS\RDS\RDS\bin\Debug\bin\Devices\Dev_Reader.dll
100414:36:49.053 Signed Assembly Dev_ReSaTrax, ProductVersion=1.4.1, Version=1.2.5.0, FileVersion=1.2.5.2129 of Company Sias_AG loaded from C:\zhaomin\sourcecode\RDS\RDS\RDS\bin\Debug\bin\Devices\Dev_ReSaTrax.dll
100414:36:49.065 Signed Assembly Dev_Scale, ProductVersion=1.4.1, Version=1.0.1.0, FileVersion=1.0.1.2129 of Company Sias_AG loaded from C:\zhaomin\sourcecode\RDS\RDS\RDS\bin\Debug\bin\Devices\Dev_Scale.dll
100414:36:49.080 Signed Assembly Dev_Shaker, ProductVersion=1.4.1, Version=1.2.2.0, FileVersion=1.2.2.2129 of Company Sias_AG loaded from C:\zhaomin\sourcecode\RDS\RDS\RDS\bin\Debug\bin\Devices\Dev_Shaker.dll
100414:36:49.101 Signed Assembly Dev_ThermoShaker, ProductVersion=1.4.1, Version=1.2.2.0, FileVersion=1.2.2.2129 of Company Sias_AG loaded from C:\zhaomin\sourcecode\RDS\RDS\RDS\bin\Debug\bin\Devices\Dev_ThermoShaker.dll
100414:36:49.114 Signed Assembly Dev_TipWasher, ProductVersion=1.4.1, Version=1.0.5.0, FileVersion=1.0.5.2129 of Company Sias_AG loaded from C:\zhaomin\sourcecode\RDS\RDS\RDS\bin\Debug\bin\Devices\Dev_TipWasher.dll
100414:36:49.172 Signed Assembly Dev_Ultrasonic, ProductVersion=1.4.1, Version=0.9.0.0, FileVersion=0.9.0.2129 of Company Sias_AG loaded from C:\zhaomin\sourcecode\RDS\RDS\RDS\bin\Debug\bin\Devices\Dev_Ultrasonic.dll
100414:36:49.180 Signed Assembly Dev_VacuumStation, ProductVersion=1.4.1, Version=1.0.0.0, FileVersion=1.0.0.2129 of Company Sias_AG loaded from C:\zhaomin\sourcecode\RDS\RDS\RDS\bin\Debug\bin\Devices\Dev_VacuumStation.dll
100414:36:49.217 Signed Assembly Dev_WashHead, ProductVersion=1.4.1, Version=1.0.2.0, FileVersion=1.0.2.2129 of Company Sias_AG loaded from C:\zhaomin\sourcecode\RDS\RDS\RDS\bin\Debug\bin\Devices\Dev_WashHead.dll
100414:36:49.282 Signed Assembly UserManager, ProductVersion=1.4.1, Version=1.2.1.0, FileVersion=1.2.1.2129 of Company Sias_AG loaded from C:\zhaomin\sourcecode\RDS\RDS\RDS\bin\Debug\bin\UserManager.dll
040414:36:49.322 Clear Devices
040414:36:49.475 No Object for Property DefaultWashStationName!
040414:36:49.537 No Object for Property DefaultWashStationName!
040414:36:49.724 No Object for Property DefaultWashStationName!
040414:36:49.762 Clear Devices
040414:36:49.781 No Object for Property PipettingArmName!
040414:36:52.148 Clear Devices
040414:36:52.162 Add Device PipArm.XMot to Devices[51] as 0
040414:36:52.175 No valid type for Token DefaultWashStationName ==> use String
040414:36:52.231 Add Device PipArm.Tip1.YMotor to Devices[31] as 0
040414:36:52.232 Add Device PipArm.Tip1.ZMotor to Devices[21] as 0
040414:36:52.232 Add Device PipArm.Tip1.Pump to Devices[11] as 0
040414:36:52.233 Add Device PipArm.Tip2.YMotor to Devices[32] as 0
040414:36:52.233 Add Device PipArm.Tip2.ZMotor to Devices[22] as 0
040414:36:52.234 Add Device PipArm.Tip2.Pump to Devices[12] as 0
040414:36:52.234 Add Device PipArm.Tip3.YMotor to Devices[33] as 0
040414:36:52.235 Add Device PipArm.Tip3.ZMotor to Devices[23] as 0
040414:36:52.235 Add Device PipArm.Tip3.Pump to Devices[13] as 0
040414:36:52.239 Add Device Resatrax1 to Devices[93] as 0
040414:36:52.246 Clear Devices
040414:36:52.251 Add Device PipArm.XMot to Devices[51] as 0
040414:36:52.258 No valid type for Token DefaultWashStationName ==> use String
040414:36:52.310 Add Device PipArm.Tip1.YMotor to Devices[31] as 0
040414:36:52.311 Add Device PipArm.Tip1.ZMotor to Devices[21] as 0
040414:36:52.311 Add Device PipArm.Tip1.Pump to Devices[11] as 0
040414:36:52.312 Add Device PipArm.Tip2.YMotor to Devices[32] as 0
040414:36:52.313 Add Device PipArm.Tip2.ZMotor to Devices[22] as 0
040414:36:52.313 Add Device PipArm.Tip2.Pump to Devices[12] as 0
040414:36:52.314 Add Device PipArm.Tip3.YMotor to Devices[33] as 0
040414:36:52.314 Add Device PipArm.Tip3.ZMotor to Devices[23] as 0
040414:36:52.315 Add Device PipArm.Tip3.Pump to Devices[13] as 0
040414:36:52.318 Add Device Resatrax1 to Devices[93] as 0
040414:36:52.325 Startup C:\zhaomin\sourcecode\RDS\RDS\RDS\bin\Debug\bin\Devices\DEV_CanDev.dllDEV_CanDev, Version=1.2.7.0, Culture=neutral, PublicKeyToken=null
040014:36:52.325 SetRobotError(1100)
040014:36:53.455 Add Client0: 'CAN_IO', 0
040014:36:53.455 Loaded CanApi2.DLL V2.56.2.0
040014:36:53.455 Startup CAN I/O.DLL V1, 4, 3, 4 from (Dec 18 2014 14:04:36)
040014:36:53.455 CanIO length: 364
040014:36:53.455 CAN VersionInfo: PCAN_USB 3.8.2.10146;(KMDF, WLH_amd64);Copyright (C) 1995-2012 by;PEAK-System Technik GmbH, Darmstadt
040014:36:53.455 debfile: C:\zhaomin\sourcecode\RDS\RDS\RDS\bin\Debug\bin\Devices\\debug.ini
040014:36:53.455 Debug Options: LogFile=0,0; LogOpt=0000; DlgOpt=0000
040014:36:53.455 0000=CAN_RegisterClient(RD_Robot,00000000,00000002);
040014:36:53.455 0000=CAN_ConnectToNet(0002, 1MBit, C4F945C);
800014:36:53.455 CAN I/O Thread: 00000704 00001634
040014:36:53.456 SetRobotError(0000)
040014:36:53.456 SetRobotError(0000)
200414:36:53.633 Set number of slots in device Resatrax1 to 6.
020414:36:53.642 Attach exception: System.NullReferenceException: 未将对象引用设置到对象的实例。|    在 Sias.ReSaTrax.SReSaTraxDevice.AttachLayoutData(ILayoutDevice LayoutDevice)
080014:36:53.643 >Modul#11   RequestInfo(4)
080014:36:53.645 <Modul#11   SerNo   0000152EC2B6.00 
080014:36:53.648 <PipArm.Tip1.Pump Info3: Type=    17     V1.53           Build      1    iv=0 
080014:36:53.650 <PipArm.Tip1.Pump Info2: res=      1     res1=      0    res2=      0    res3=          0 
080014:36:53.652 <PipArm.Tip1.Pump Info1: Pos1=     0     Pos2=     17    Error=  0000    Flags=  _______I 
080014:36:53.654 <Modul#12   SerNo   0000152D6702.00 
080014:36:53.656 <PipArm.Tip2.Pump Info3: Type=    17     V1.53           Build      1    iv=0 
080014:36:53.658 <PipArm.Tip2.Pump Info2: res=      1     res1=      0    res2=      0    res3=          0 
080014:36:53.660 <PipArm.Tip2.Pump Info1: Pos1=     0     Pos2=     17    Error=  0000    Flags=  _______I 
080014:36:53.662 <Modul#13   SerNo   0000152EC2B6.01 
080014:36:53.664 <PipArm.Tip3.Pump Info3: Type=    17     V1.53           Build      1    iv=0 
080014:36:53.666 <PipArm.Tip3.Pump Info2: res=      1     res1=      0    res2=      0    res3=          0 
080014:36:53.668 <PipArm.Tip3.Pump Info1: Pos1=     0     Pos2=     17    Error=  0000    Flags=  _______I 
080014:36:53.678 <Modul#21   SerNo   0000152E1894.01 
080014:36:53.679 <Modul#22   SerNo   0000152D8BE9.01 
080014:36:53.679 <PipArm.Tip1.ZMotor Info3: Type=     5     V1.62           Build      5    iv=0 
080014:36:53.681 <PipArm.Tip2.ZMotor Info3: Type=     5     V1.62           Build      5    iv=0 
080014:36:53.681 <PipArm.Tip1.ZMotor Info2: res=      1     res1=      0    res2=      0    res3=          0 
080014:36:53.682 <PipArm.Tip2.ZMotor Info2: res=      1     res1=      0    res2=      0    res3=          0 
080014:36:53.683 <PipArm.Tip1.ZMotor Info1: Pos1=     0     Pos2=      0    Error=  0000    Flags=  _______I 
080014:36:53.684 <PipArm.Tip2.ZMotor Info1: Pos1=     0     Pos2=      0    Error=  0000    Flags=  _______I 
080014:36:53.686 <Modul#23   SerNo   0000152D91BB.01 
080014:36:53.688 <PipArm.Tip3.ZMotor Info3: Type=     5     V1.62           Build      5    iv=0 
080014:36:53.689 <PipArm.Tip3.ZMotor Info2: res=      1     res1=      0    res2=      0    res3=          0 
080014:36:53.691 <PipArm.Tip3.ZMotor Info1: Pos1=     0     Pos2=      0    Error=  0000    Flags=  _______I 
080014:36:53.700 <Modul#31   SerNo   0000152E1894.00 
080014:36:53.701 <Modul#32   SerNo   0000152D8BE9.00 
080014:36:53.702 <PipArm.Tip1.YMotor Info3: Type=     5     V1.62           Build      5    iv=0 
080014:36:53.703 <PipArm.Tip2.YMotor Info3: Type=     5     V1.62           Build      5    iv=0 
080014:36:53.703 <PipArm.Tip1.YMotor Info2: res=      1     res1=      0    res2=      3    res3=         23 
080014:36:53.704 <PipArm.Tip2.YMotor Info2: res=      1     res1=      0    res2=     -5    res3=         40 
080014:36:53.705 <PipArm.Tip1.YMotor Info1: Pos1=     2     Pos2=     23    Error=  0000    Flags=  _______I 
080014:36:53.706 <PipArm.Tip2.YMotor Info1: Pos1=     3     Pos2=     40    Error=  0000    Flags=  _______I 
080014:36:53.709 <Modul#33   SerNo   0000152D91BB.00 
080014:36:53.711 <PipArm.Tip3.YMotor Info3: Type=     5     V1.62           Build      5    iv=0 
080014:36:53.712 <PipArm.Tip3.YMotor Info2: res=      1     res1=      0    res2=      5    res3=         39 
080014:36:53.714 <PipArm.Tip3.YMotor Info1: Pos1=     3     Pos2=     39    Error=  0000    Flags=  _______I 
080014:36:53.743 <Modul#51   SerNo   000015318538.00 
080014:36:53.744 <PipArm.XMot Info3: Type=     5     V1.62           Build      5    iv=0 
080014:36:53.745 <PipArm.XMot Info2: res=      1     res1=      0    res2=     23    res3=         17 
080014:36:53.746 <PipArm.XMot Info1: Pos1=    -1     Pos2=     17    Error=  0000    Flags=  _______I 
080014:36:53.826 <Modul#93   SerNo   000019192644.00 
080014:36:53.828 <Resatrax1  Info3: Type=    61     V0.28           Build      1    iv=0 
080014:36:53.829 <Resatrax1  Info2: res=    128     res1=   2001    res2=      1    res3=          1 
080014:36:53.831 <Resatrax1  Info1: Pos1=     0     Pos2=      0    Error=  0000    Flags=  D______I 
800014:36:53.958 New robot thread: 00002178
040414:36:53.971 Start Thread ...
040414:36:53.973 Start a new workthread
040014:36:53.981 SetRobotError(0000)
800014:36:53.981 New robot thread: 000024F0
010414:36:53.981 Init Robot (0)
200414:36:53.984 SRobotDevice::Init(Sias.BaseDev.SDeviceInitOptions)
080014:36:53.992 >PipArm.Tip1.ZMotor Init(  1000,    80,P_______)
080014:36:53.994 >PipArm.Tip2.ZMotor Init(  1000,    80,P_______)
080014:36:53.994 >PipArm.Tip3.ZMotor Init(  1000,    80,P_______)
080014:36:53.995 <PipArm.Tip1.ZMotor Info1: Pos1=     0     Pos2=      0    Error=  0000    Flags=  ______PI 
080014:36:53.996 <PipArm.Tip2.ZMotor Info1: Pos1=     0     Pos2=      0    Error=  0000    Flags=  ______PI 
080014:36:53.996 <PipArm.Tip3.ZMotor Info1: Pos1=     0     Pos2=      0    Error=  0000    Flags=  ______PI 
080014:36:53.997 >AllModules Execute(01)
080014:36:53.000 <PipArm.Tip3.ZMotor Info1: Pos1=     0     Pos2=      0    Error=  0000    Flags=  _____A_I 
080014:36:53.000 <PipArm.Tip1.ZMotor Info1: Pos1=     0     Pos2=      0    Error=  0000    Flags=  _____A_I 
080014:36:53.000 <PipArm.Tip2.ZMotor Info1: Pos1=     0     Pos2=      0    Error=  0000    Flags=  _____A_I 
080014:36:53.000 <PipArm.Tip1.ZMotor Info1: Pos1=     0     Pos2=      0    Error=  0000    Flags=  _____A_I 
080014:36:53.000 <PipArm.Tip2.ZMotor Info1: Pos1=     0     Pos2=      0    Error=  0000    Flags=  _____A_I 
080014:36:53.000 <PipArm.Tip3.ZMotor Info1: Pos1=     0     Pos2=      0    Error=  0000    Flags=  _____A_I 
040414:36:54.077 No valid type for Token LayoutName ==> use String
080014:36:54.533 <PipArm.Tip3.ZMotor Info1: Pos1=     0     Pos2=      0    Error=  0000    Flags=  _______I 
080014:36:54.535 <PipArm.Tip1.ZMotor Info1: Pos1=     0     Pos2=      0    Error=  0000    Flags=  _______I 
080014:36:54.537 <PipArm.Tip2.ZMotor Info1: Pos1=     0     Pos2=      0    Error=  0000    Flags=  _______I 
080014:36:54.541 >PipArm.XMot Move(      0,  1000,   100,P_______)
080014:36:54.542 <PipArm.XMot Info1: Pos1=    -1     Pos2=     17    Error=  0000    Flags=  ______PI 
080014:36:54.544 >PipArm.XMot Execute(01)
080014:36:54.546 <PipArm.XMot Info1: Pos1=    -1     Pos2=     17    Error=  0000    Flags=  _____A_I 
080014:36:54.566 <PipArm.XMot Info1: Pos1=    -1     Pos2=     43    Error=  0000    Flags=  _______I 
080014:36:54.568 >PipArm.Tip1.YMotor Init(   750,   150,P_______)
080014:36:54.569 <PipArm.Tip1.YMotor Info1: Pos1=     2     Pos2=     23    Error=  0000    Flags=  ______PI 
080014:36:54.570 >AllModules Execute(01)
080014:36:54.571 <PipArm.Tip1.YMotor Info1: Pos1=     0     Pos2=     23    Error=  0000    Flags=  _____A_I 
080014:36:54.572 <PipArm.Tip1.YMotor Info1: Pos1=     0     Pos2=      0    Error=  0000    Flags=  _____A_I 
080014:36:54.826 <PipArm.Tip1.YMotor Info1: Pos1=     0     Pos2=      0    Error=  0200    Flags=  ___W___I 
080014:36:54.828 >PipArm.Tip2.YMotor Init(   750,   150,P_______)
080014:36:54.829 <PipArm.Tip2.YMotor Info1: Pos1=     3     Pos2=     40    Error=  0000    Flags=  ______PI 
080014:36:54.830 >AllModules Execute(01)
080014:36:54.832 <PipArm.Tip2.YMotor Info1: Pos1=     0     Pos2=     40    Error=  0000    Flags=  _____A_I 
080014:36:54.832 <PipArm.Tip2.YMotor Info1: Pos1=     0     Pos2=      0    Error=  0000    Flags=  _____A_I 
080014:36:55.088 <PipArm.Tip2.YMotor Info1: Pos1=     0     Pos2=      0    Error=  0200    Flags=  ___W___I 
080014:36:55.089 >PipArm.Tip3.YMotor Init(   750,   150,P_______)
080014:36:55.090 <PipArm.Tip3.YMotor Info1: Pos1=     3     Pos2=     39    Error=  0000    Flags=  ______PI 
080014:36:55.091 >AllModules Execute(01)
080014:36:55.093 <PipArm.Tip3.YMotor Info1: Pos1=     0     Pos2=     39    Error=  0000    Flags=  _____A_I 
080014:36:55.093 <PipArm.Tip3.YMotor Info1: Pos1=     0     Pos2=      0    Error=  0000    Flags=  _____A_I 
080014:36:55.349 <PipArm.Tip3.YMotor Info1: Pos1=     0     Pos2=      0    Error=  0200    Flags=  ___W___I 
080014:36:55.350 >PipArm.Tip1.YMotor Move(      0,   750,   150,P_______)
080014:36:55.350 >PipArm.Tip2.YMotor Move(      0,   750,   150,P_______)
080014:36:55.350 >PipArm.Tip3.YMotor Move(      0,   750,   150,P_______)
080014:36:55.351 <PipArm.Tip1.YMotor Info1: Pos1=     2     Pos2=     31    Error=  0200    Flags=  ___W__PI 
080014:36:55.351 <PipArm.Tip2.YMotor Info1: Pos1=     3     Pos2=     40    Error=  0200    Flags=  ___W__PI 
080014:36:55.352 <PipArm.Tip3.YMotor Info1: Pos1=     2     Pos2=     33    Error=  0200    Flags=  ___W__PI 
080014:36:55.354 >AllModules Execute(01)
080014:36:55.356 <PipArm.Tip2.YMotor Info1: Pos1=     3     Pos2=     40    Error=  0000    Flags=  _____A_I 
080014:36:55.356 <PipArm.Tip1.YMotor Info1: Pos1=     2     Pos2=     31    Error=  0000    Flags=  _____A_I 
080014:36:55.356 <PipArm.Tip3.YMotor Info1: Pos1=     4     Pos2=     64    Error=  0000    Flags=  _____A_I 
080014:36:55.382 <PipArm.Tip1.YMotor Info1: Pos1=     2     Pos2=     24    Error=  0000    Flags=  _______I 
080014:36:55.386 <PipArm.Tip2.YMotor Info1: Pos1=     2     Pos2=     31    Error=  0000    Flags=  _______I 
080014:36:55.391 <PipArm.Tip3.YMotor Info1: Pos1=     3     Pos2=     39    Error=  0000    Flags=  _______I 
080014:36:55.392 >PipArm.XMot Init(  1000,   100,P_______)
080014:36:55.393 <PipArm.XMot Info1: Pos1=    -1     Pos2=     17    Error=  0000    Flags=  ______PI 
080014:36:55.394 >PipArm.XMot Execute(01)
080014:36:55.395 <PipArm.XMot Info1: Pos1=     0     Pos2=     17    Error=  0000    Flags=  _____A_I 
080014:36:55.395 <PipArm.XMot Info1: Pos1=     0     Pos2=      0    Error=  0000    Flags=  _____A_I 
080014:36:55.876 <PipArm.XMot Info1: Pos1=     0     Pos2=      1    Error=  0000    Flags=  _______I 
080014:36:55.877 >Resatrax1  Init(     0,     0,P_______)
080014:36:55.879 <Resatrax1  Info1: Pos1=     0     Pos2=      0    Error=  0000    Flags=  D_____PI 
080014:36:55.879 >Resatrax1  Execute(80)
080014:36:55.880 <Resatrax1  Info1: Pos1=     0     Pos2=      0    Error=  0000    Flags=  D____A_I 
080014:36:55.883 <Resatrax1  Info1: Pos1=     0     Pos2=      0    Error=  0000    Flags=  D______I 
080014:36:55.900 >PipArm.Tip1.Pump Init(     0,     0,P_______)
080014:36:55.900 >PipArm.Tip2.Pump Init(     0,     0,P_______)
080014:36:55.901 >PipArm.Tip3.Pump Init(     0,     0,P_______)
080014:36:55.902 <PipArm.Tip1.Pump Info1: Pos1=     0     Pos2=     17    Error=  0000    Flags=  ______PI 
080014:36:55.903 <PipArm.Tip2.Pump Info1: Pos1=     0     Pos2=     17    Error=  0000    Flags=  ______PI 
080014:36:55.904 <PipArm.Tip3.Pump Info1: Pos1=     0     Pos2=     17    Error=  0000    Flags=  ______PI 
080014:36:55.905 >AllModules Execute(01)
080014:36:55.906 <PipArm.Tip2.Pump Info1: Pos1=     0     Pos2=     17    Error=  0000    Flags=  _____A_I 
080014:36:55.907 <PipArm.Tip1.Pump Info1: Pos1=     0     Pos2=     17    Error=  0000    Flags=  _____A_I 
080014:36:55.907 <PipArm.Tip3.Pump Info1: Pos1=     0     Pos2=     17    Error=  0000    Flags=  _____A_I 
080014:36:56.108 <PipArm.Tip1.Pump Info1: Pos1=     0     Pos2=     17    Error=  0000    Flags=  _______I 
080014:36:56.108 <PipArm.Tip3.Pump Info1: Pos1=     0     Pos2=     17    Error=  0000    Flags=  _______I 
080014:36:56.207 <PipArm.Tip2.Pump Info1: Pos1=     0     Pos2=     17    Error=  0000    Flags=  _______I 
040414:36:56.327 thread finished
400414:36:58.019 Unsigned Assembly: RDSCL, Version=1.0.0.0, FileVersion=1.0.0.0 loaded from C:\zhaomin\sourcecode\RDS\RDS\RDS\bin\Debug\RDSCL.dll
080014:37:03.077 >Resatrax1  GetPort(33)
080014:37:03.082 <Resatrax1  PortData(33,10, 0,(    10,    -1)) 
080014:37:03.084 >Resatrax1  SetPort(80,33,10,     0,(    10))
080014:37:03.086 <Resatrax1  Info1: Pos1=     0     Pos2=      0    Error=  0000    Flags=  D_____PI 
080014:37:03.086 >Resatrax1  Execute(80)
080014:37:03.087 <Resatrax1  Info1: Pos1=     0     Pos2=      0    Error=  0000    Flags=  D______I 
080014:37:03.088 >Resatrax1  GetPort(34)
080014:37:03.092 <Resatrax1  PortData(34,10, 0,(    10,    -1)) 
080014:37:03.094 >Resatrax1  SetPort(80,34,10,     0,(    10))
080014:37:03.095 <Resatrax1  Info1: Pos1=     0     Pos2=      0    Error=  0000    Flags=  D_____PI 
080014:37:03.096 >Resatrax1  Execute(80)
080014:37:03.097 <Resatrax1  Info1: Pos1=     0     Pos2=      0    Error=  0000    Flags=  D______I 
080014:37:03.098 >Resatrax1  GetPort(35)
080014:37:03.103 <Resatrax1  PortData(35,10, 0,(    10,    -1)) 
080014:37:03.104 >Resatrax1  SetPort(80,35,10,     0,(    10))
080014:37:03.109 <Resatrax1  Info1: Pos1=     0     Pos2=      0    Error=  0000    Flags=  D_____PI 
080014:37:03.110 >Resatrax1  Execute(80)
080014:37:03.111 <Resatrax1  Info1: Pos1=     0     Pos2=      0    Error=  0000    Flags=  D______I 
080014:37:03.112 >Resatrax1  GetPort(36)
080014:37:03.117 <Resatrax1  PortData(36,10, 0,(    10,    -1)) 
080014:37:03.118 >Resatrax1  SetPort(80,36,10,     0,(    10))
080014:37:03.119 <Resatrax1  Info1: Pos1=     0     Pos2=      0    Error=  0000    Flags=  D_____PI 
080014:37:03.120 >Resatrax1  Execute(80)
080014:37:03.121 <Resatrax1  Info1: Pos1=     0     Pos2=      0    Error=  0000    Flags=  D______I 
080014:37:03.122 >Resatrax1  GetPort(37)
080014:37:03.127 <Resatrax1  PortData(37,10, 0,(    10,    -1)) 
080014:37:03.128 >Resatrax1  SetPort(80,37,10,     0,(    10))
080014:37:03.129 <Resatrax1  Info1: Pos1=     0     Pos2=      0    Error=  0000    Flags=  D_____PI 
080014:37:03.130 >Resatrax1  Execute(80)
080014:37:03.131 <Resatrax1  Info1: Pos1=     0     Pos2=      0    Error=  0000    Flags=  D______I 
080014:37:03.133 >Resatrax1  GetPort(38)
080014:37:03.137 <Resatrax1  PortData(38,10, 0,(    10,    -1)) 
080014:37:03.138 >Resatrax1  SetPort(80,38,10,     0,(    10))
080014:37:03.140 <Resatrax1  Info1: Pos1=     0     Pos2=      0    Error=  0000    Flags=  D_____PI 
080014:37:03.140 >Resatrax1  Execute(80)
080014:37:03.142 <Resatrax1  Info1: Pos1=     0     Pos2=      0    Error=  0000    Flags=  D______I 
080014:37:03.145 >Resatrax1  GetPort(35)
080014:37:03.150 <Resatrax1  PortData(35,10, 0,(    10,    -1)) 
080014:37:03.155 >Resatrax1  GetPort(35)
080014:37:03.164 <Resatrax1  PortData(35,10, 0,(    10,    -1)) 
080014:37:03.166 >Resatrax1  SetPort(80,35, 3,     0,(     3))
080014:37:03.168 <Resatrax1  Info1: Pos1=     0     Pos2=      0    Error=  0000    Flags=  D_____PI 
080014:37:03.168 >Resatrax1  Execute(80)
080014:37:03.170 <Resatrax1  Info1: Pos1=     0     Pos2=      0    Error=  0000    Flags=  D______I 
080014:37:03.372 >Resatrax1  GetPort(35)
080014:37:03.377 <Resatrax1  PortData(35,11, 0,(    11,    -1)) 
080014:37:03.437 >Resatrax1  GetPort(35)
080014:37:03.442 <Resatrax1  PortData(35,11, 0,(    11,    -1)) 
080014:37:03.495 >Resatrax1  GetPort(35)
080014:37:03.500 <Resatrax1  PortData(35,11, 0,(    11,    -1)) 
080014:37:03.553 >Resatrax1  GetPort(35)
080014:37:03.558 <Resatrax1  PortData(35,11, 0,(    11,    -1)) 
080014:37:03.610 >Resatrax1  GetPort(35)
080014:37:03.619 <Resatrax1  PortData(35,11, 0,(    11,    -1)) 
080014:37:03.672 >Resatrax1  GetPort(35)
080014:37:03.677 <Resatrax1  PortData(35,11, 0,(    11,    -1)) 
080014:37:03.731 >Resatrax1  GetPort(35)
080014:37:03.736 <Resatrax1  PortData(35,11, 0,(    11,    -1)) 
080014:37:03.788 >Resatrax1  GetPort(35)
080014:37:03.793 <Resatrax1  PortData(35,11, 0,(    11,    -1)) 
080014:37:03.845 >Resatrax1  GetPort(35)
080014:37:03.849 <Resatrax1  PortData(35,11, 0,(    11,    -1)) 
080014:37:03.903 >Resatrax1  GetPort(35)
080014:37:03.908 <Resatrax1  PortData(35,11, 0,(    11,    -1)) 
080014:37:03.961 >Resatrax1  GetPort(35)
080014:37:03.966 <Resatrax1  PortData(35,11, 0,(    11,    -1)) 
080014:37:04.022 >Resatrax1  GetPort(35)
080014:37:04.032 <Resatrax1  PortData(35,11, 0,(    11,    -1)) 
080014:37:04.086 >Resatrax1  GetPort(35)
080014:37:04.091 <Resatrax1  PortData(35,11, 0,(    11,    -1)) 
080014:37:04.143 >Resatrax1  GetPort(35)
080014:37:04.148 <Resatrax1  PortData(35,11, 0,(    11,    -1)) 
080014:37:04.200 >Resatrax1  GetPort(35)
080014:37:04.205 <Resatrax1  PortData(35,11, 0,(    11,    -1)) 
080014:37:04.258 >Resatrax1  GetPort(35)
080014:37:04.263 <Resatrax1  PortData(35,11, 0,(    11,    -1)) 
080014:37:04.315 >Resatrax1  GetPort(35)
080014:37:04.320 <Resatrax1  PortData(35,11, 0,(    11,    -1)) 
080014:37:04.372 >Resatrax1  GetPort(35)
080014:37:04.377 <Resatrax1  PortData(35,11, 0,(    11,    -1)) 
080014:37:04.430 >Resatrax1  GetPort(35)
080014:37:04.439 <Resatrax1  PortData(35, 7, 0,(     7,    -1)) 
080014:37:04.491 >Resatrax1  GetPort(35)
080014:37:04.496 <Resatrax1  PortData(35, 7, 0,(     7,    -1)) 
080014:37:04.548 >Resatrax1  GetPort(35)
080014:37:04.553 <Resatrax1  PortData(35, 7, 0,(     7,    -1)) 
080014:37:04.605 >Resatrax1  GetPort(35)
080014:37:04.610 <Resatrax1  PortData(35, 7, 0,(     7,    -1)) 
080014:37:04.664 >Resatrax1  GetPort(35)
080014:37:04.668 <Resatrax1  PortData(35, 7, 0,(     7,    -1)) 
080014:37:04.731 >Resatrax1  SetPort(80,35, 0,     0,(     0))
080014:37:04.732 <Resatrax1  Info1: Pos1=     0     Pos2=      0    Error=  0000    Flags=  D_____PI 
080014:37:04.733 >Resatrax1  Execute(80)
080014:37:04.734 <Resatrax1  Info1: Pos1=     0     Pos2=      0    Error=  0000    Flags=  D______I 
080014:37:04.735 >Resatrax1  GetPort(35)
080014:37:04.744 <Resatrax1  PortData(35, 0, 0,(     0,    -1)) 
080014:37:04.748 >Resatrax1  GetPort(35)
080014:37:04.753 <Resatrax1  PortData(35, 0, 0,(     0,    -1)) 
080014:37:04.756 >Resatrax1  Get BC-BufInfo
080014:37:04.758 <Resatrax1  BC-BufInfo: MaxTubes=20, Adr=022E, BC-Size=40, Pos-Ofs=0, Len-Ofs=4, BC-Ofs=5 
080014:37:04.760 >Resatrax1  SetPort(80,35, 9,     0,(     9))
080014:37:04.762 <Resatrax1  Info1: Pos1=     0     Pos2=      0    Error=  0000    Flags=  D_____PI 
080014:37:04.763 >Resatrax1  Execute(80)
080014:37:04.764 <Resatrax1  Info1: Pos1=     0     Pos2=      0    Error=  0000    Flags=  D______I 
200414:37:04.821 start reading strip 
080014:37:04.821 >Resatrax1  ReadRack(2,0,0 .. 19,P_______)
080014:37:04.822 <Resatrax1  Info1: Pos1=     0     Pos2=      0    Error=  0000    Flags=  D_____PI 
080014:37:04.823 >Resatrax1  Execute(80)
080014:37:04.831 <Resatrax1  Info1: Pos1=     0     Pos2=      0    Error=  0000    Flags=  _____A_I 
080014:37:05.222 <Resatrax1  Info2: res=    128     res1=   1001    res2=      1    res3=        255 
080014:37:07.539 <Resatrax1  Info1: Pos1=     0     Pos2=      0    Error=  0000    Flags=  D______I 
080014:37:07.572 >Resatrax1  GetPort(35)
080014:37:07.577 <Resatrax1  PortData(35,13, 0,(    13,    -1)) 
080014:37:07.578 >Resatrax1  GetPort(35)
080014:37:07.582 <Resatrax1  PortData(35,13, 0,(    13,    -1)) 
080014:37:07.584 >Resatrax1  GetPort(35)
080014:37:07.588 <Resatrax1  PortData(35,13, 0,(    13,    -1)) 
080014:37:07.669 >Resatrax1  GetMem(00022E,6)
080014:37:07.670 <Resatrax1  MemData(01 00 02 00 0A 32 ) 
080014:37:07.671 >Resatrax1  GetMem(000234,6)
080014:37:07.672 <Resatrax1  MemData(30 30 39 31 36 31 ) 
080014:37:07.672 >Resatrax1  GetMem(00023A,6)
080014:37:07.673 <Resatrax1  MemData(36 32 39 00 00 00 ) 
080014:37:07.673 >Resatrax1  GetMem(000240,6)
080014:37:07.675 <Resatrax1  MemData(00 00 00 00 00 00 ) 
080014:37:07.675 >Resatrax1  GetMem(000246,6)
080014:37:07.676 <Resatrax1  MemData(00 00 00 00 00 00 ) 
080014:37:07.676 >Resatrax1  GetMem(00024C,6)
080014:37:07.677 <Resatrax1  MemData(00 00 00 00 00 00 ) 
080014:37:07.677 >Resatrax1  GetMem(000252,6)
080014:37:07.679 <Resatrax1  MemData(00 00 00 00 02 00 ) 
080014:37:07.679 >Resatrax1  GetMem(000258,6)
080014:37:07.680 <Resatrax1  MemData(03 00 0A 32 30 30 ) 
080014:37:07.680 >Resatrax1  GetMem(00025E,6)
080014:37:07.681 <Resatrax1  MemData(39 31 37 39 38 34 ) 
080014:37:07.681 >Resatrax1  GetMem(000264,6)
080014:37:07.683 <Resatrax1  MemData(35 00 00 00 00 00 ) 
080014:37:07.683 >Resatrax1  GetMem(00026A,6)
080014:37:07.684 <Resatrax1  MemData(00 00 00 00 00 00 ) 
080014:37:07.684 >Resatrax1  GetMem(000270,6)
080014:37:07.686 <Resatrax1  MemData(00 00 00 00 00 00 ) 
080014:37:07.686 >Resatrax1  GetMem(000276,6)
080014:37:07.687 <Resatrax1  MemData(00 00 00 00 00 00 ) 
080014:37:07.687 >Resatrax1  GetMem(00027C,6)
080014:37:07.688 <Resatrax1  MemData(00 00 03 00 04 00 ) 
080014:37:07.688 >Resatrax1  GetMem(000282,6)
080014:37:07.691 <Resatrax1  MemData(0A 32 30 30 39 31 ) 
080014:37:07.691 >Resatrax1  GetMem(000288,6)
080014:37:07.692 <Resatrax1  MemData(36 38 36 39 31 00 ) 
080014:37:07.692 >Resatrax1  GetMem(00028E,6)
080014:37:07.693 <Resatrax1  MemData(00 00 00 00 00 00 ) 
080014:37:07.693 >Resatrax1  GetMem(000294,6)
080014:37:07.695 <Resatrax1  MemData(00 00 00 00 00 00 ) 
080014:37:07.695 >Resatrax1  GetMem(00029A,6)
080014:37:07.696 <Resatrax1  MemData(00 00 00 00 00 00 ) 
080014:37:07.696 >Resatrax1  GetMem(0002A0,6)
080014:37:07.697 <Resatrax1  MemData(00 00 00 00 00 00 ) 
080014:37:07.697 >Resatrax1  GetMem(0002A6,6)
080014:37:07.702 <Resatrax1  MemData(04 00 05 00 0A 32 ) 
080014:37:07.702 >Resatrax1  GetMem(0002AC,6)
080014:37:07.704 <Resatrax1  MemData(30 30 39 31 36 34 ) 
080014:37:07.704 >Resatrax1  GetMem(0002B2,6)
080014:37:07.705 <Resatrax1  MemData(34 30 34 00 00 00 ) 
080014:37:07.705 >Resatrax1  GetMem(0002B8,6)
080014:37:07.706 <Resatrax1  MemData(00 00 00 00 00 00 ) 
080014:37:07.706 >Resatrax1  GetMem(0002BE,6)
080014:37:07.708 <Resatrax1  MemData(00 00 00 00 00 00 ) 
080014:37:07.708 >Resatrax1  GetMem(0002C4,6)
080014:37:07.709 <Resatrax1  MemData(00 00 00 00 00 00 ) 
080014:37:07.709 >Resatrax1  GetMem(0002CA,6)
080014:37:07.710 <Resatrax1  MemData(00 00 00 00 05 00 ) 
080014:37:07.710 >Resatrax1  GetMem(0002D0,6)
080014:37:07.712 <Resatrax1  MemData(06 00 0A 32 30 30 ) 
080014:37:07.712 >Resatrax1  GetMem(0002D6,6)
080014:37:07.713 <Resatrax1  MemData(39 31 37 32 32 33 ) 
080014:37:07.713 >Resatrax1  GetMem(0002DC,6)
080014:37:07.714 <Resatrax1  MemData(38 00 00 00 00 00 ) 
080014:37:07.714 >Resatrax1  GetMem(0002E2,6)
080014:37:07.716 <Resatrax1  MemData(00 00 00 00 00 00 ) 
080014:37:07.716 >Resatrax1  GetMem(0002E8,6)
080014:37:07.717 <Resatrax1  MemData(00 00 00 00 00 00 ) 
080014:37:07.717 >Resatrax1  GetMem(0002EE,6)
080014:37:07.718 <Resatrax1  MemData(00 00 00 00 00 00 ) 
080014:37:07.718 >Resatrax1  GetMem(0002F4,6)
080014:37:07.720 <Resatrax1  MemData(00 00 06 00 07 00 ) 
080014:37:07.720 >Resatrax1  GetMem(0002FA,6)
080014:37:07.721 <Resatrax1  MemData(0A 32 30 30 39 31 ) 
080014:37:07.721 >Resatrax1  GetMem(000300,6)
080014:37:07.722 <Resatrax1  MemData(37 38 35 30 36 00 ) 
080014:37:07.722 >Resatrax1  GetMem(000306,6)
080014:37:07.724 <Resatrax1  MemData(00 00 00 00 00 00 ) 
080014:37:07.724 >Resatrax1  GetMem(00030C,6)
080014:37:07.725 <Resatrax1  MemData(00 00 00 00 00 00 ) 
080014:37:07.725 >Resatrax1  GetMem(000312,6)
080014:37:07.726 <Resatrax1  MemData(00 00 00 00 00 00 ) 
080014:37:07.726 >Resatrax1  GetMem(000318,6)
080014:37:07.728 <Resatrax1  MemData(00 00 00 00 00 00 ) 
080014:37:07.728 >Resatrax1  GetMem(00031E,6)
080014:37:07.729 <Resatrax1  MemData(07 00 08 00 0A 32 ) 
080014:37:07.729 >Resatrax1  GetMem(000324,6)
080014:37:07.730 <Resatrax1  MemData(30 30 39 31 37 31 ) 
080014:37:07.730 >Resatrax1  GetMem(00032A,6)
080014:37:07.732 <Resatrax1  MemData(36 36 38 00 00 00 ) 
080014:37:07.732 >Resatrax1  GetMem(000330,6)
080014:37:07.733 <Resatrax1  MemData(00 00 00 00 00 00 ) 
080014:37:07.733 >Resatrax1  GetMem(000336,6)
080014:37:07.734 <Resatrax1  MemData(00 00 00 00 00 00 ) 
080014:37:07.734 >Resatrax1  GetMem(00033C,6)
080014:37:07.736 <Resatrax1  MemData(00 00 00 00 00 00 ) 
080014:37:07.736 >Resatrax1  GetMem(000342,6)
080014:37:07.737 <Resatrax1  MemData(00 00 00 00 08 00 ) 
080014:37:07.737 >Resatrax1  GetMem(000348,6)
080014:37:07.738 <Resatrax1  MemData(09 00 0A 32 30 30 ) 
080014:37:07.738 >Resatrax1  GetMem(00034E,6)
080014:37:07.740 <Resatrax1  MemData(39 31 37 30 37 30 ) 
080014:37:07.740 >Resatrax1  GetMem(000354,6)
080014:37:07.741 <Resatrax1  MemData(37 00 00 00 00 00 ) 
080014:37:07.741 >Resatrax1  GetMem(00035A,6)
080014:37:07.742 <Resatrax1  MemData(00 00 00 00 00 00 ) 
080014:37:07.742 >Resatrax1  GetMem(000360,6)
080014:37:07.744 <Resatrax1  MemData(00 00 00 00 00 00 ) 
080014:37:07.744 >Resatrax1  GetMem(000366,6)
080014:37:07.745 <Resatrax1  MemData(00 00 00 00 00 00 ) 
080014:37:07.745 >Resatrax1  GetMem(00036C,6)
080014:37:07.747 <Resatrax1  MemData(00 00 09 00 0A 00 ) 
080014:37:07.747 >Resatrax1  GetMem(000372,6)
080014:37:07.753 <Resatrax1  MemData(0A 32 30 30 39 31 ) 
080014:37:07.753 >Resatrax1  GetMem(000378,6)
080014:37:07.754 <Resatrax1  MemData(36 39 37 38 34 00 ) 
080014:37:07.754 >Resatrax1  GetMem(00037E,6)
080014:37:07.755 <Resatrax1  MemData(00 00 00 00 00 00 ) 
080014:37:07.755 >Resatrax1  GetMem(000384,6)
080014:37:07.756 <Resatrax1  MemData(00 00 00 00 00 00 ) 
080014:37:07.757 >Resatrax1  GetMem(00038A,6)
080014:37:07.758 <Resatrax1  MemData(00 00 00 00 00 00 ) 
080014:37:07.758 >Resatrax1  GetMem(000390,6)
080014:37:07.759 <Resatrax1  MemData(00 00 00 00 00 00 ) 
080014:37:07.759 >Resatrax1  GetMem(000396,6)
080014:37:07.760 <Resatrax1  MemData(0A 00 0B 00 0A 32 ) 
080014:37:07.760 >Resatrax1  GetMem(00039C,6)
080014:37:07.762 <Resatrax1  MemData(30 30 39 31 36 38 ) 
080014:37:07.762 >Resatrax1  GetMem(0003A2,6)
080014:37:07.763 <Resatrax1  MemData(38 36 39 00 00 00 ) 
080014:37:07.763 >Resatrax1  GetMem(0003A8,6)
080014:37:07.764 <Resatrax1  MemData(00 00 00 00 00 00 ) 
080014:37:07.765 >Resatrax1  GetMem(0003AE,6)
080014:37:07.766 <Resatrax1  MemData(00 00 00 00 00 00 ) 
080014:37:07.766 >Resatrax1  GetMem(0003B4,6)
080014:37:07.767 <Resatrax1  MemData(00 00 00 00 00 00 ) 
080014:37:07.767 >Resatrax1  GetMem(0003BA,6)
080014:37:07.768 <Resatrax1  MemData(00 00 00 00 0B 00 ) 
080014:37:07.768 >Resatrax1  GetMem(0003C0,6)
080014:37:07.770 <Resatrax1  MemData(0C 00 0A 32 30 30 ) 
080014:37:07.770 >Resatrax1  GetMem(0003C6,6)
080014:37:07.771 <Resatrax1  MemData(39 31 36 35 39 35 ) 
080014:37:07.771 >Resatrax1  GetMem(0003CC,6)
080014:37:07.772 <Resatrax1  MemData(35 00 00 00 00 00 ) 
080014:37:07.772 >Resatrax1  GetMem(0003D2,6)
080014:37:07.774 <Resatrax1  MemData(00 00 00 00 00 00 ) 
080014:37:07.774 >Resatrax1  GetMem(0003D8,6)
080014:37:07.775 <Resatrax1  MemData(00 00 00 00 00 00 ) 
080014:37:07.775 >Resatrax1  GetMem(0003DE,6)
080014:37:07.776 <Resatrax1  MemData(00 00 00 00 00 00 ) 
080014:37:07.776 >Resatrax1  GetMem(0003E4,6)
080014:37:07.778 <Resatrax1  MemData(00 00 0C 00 0D 00 ) 
080014:37:07.778 >Resatrax1  GetMem(0003EA,6)
080014:37:07.779 <Resatrax1  MemData(0A 32 30 30 39 31 ) 
080014:37:07.779 >Resatrax1  GetMem(0003F0,6)
080014:37:07.780 <Resatrax1  MemData(36 34 30 37 33 00 ) 
080014:37:07.780 >Resatrax1  GetMem(0003F6,6)
080014:37:07.782 <Resatrax1  MemData(00 00 00 00 00 00 ) 
080014:37:07.782 >Resatrax1  GetMem(0003FC,6)
080014:37:07.783 <Resatrax1  MemData(00 00 00 00 00 00 ) 
080014:37:07.783 >Resatrax1  GetMem(000402,6)
080014:37:07.784 <Resatrax1  MemData(00 00 00 00 00 00 ) 
080014:37:07.784 >Resatrax1  GetMem(000408,6)
080014:37:07.786 <Resatrax1  MemData(00 00 00 00 00 00 ) 
080014:37:07.786 >Resatrax1  GetMem(00040E,6)
080014:37:07.787 <Resatrax1  MemData(0D 00 0E 00 0A 32 ) 
080014:37:07.787 >Resatrax1  GetMem(000414,6)
080014:37:07.788 <Resatrax1  MemData(30 30 39 31 36 34 ) 
080014:37:07.788 >Resatrax1  GetMem(00041A,6)
080014:37:07.790 <Resatrax1  MemData(30 37 37 00 00 00 ) 
080014:37:07.790 >Resatrax1  GetMem(000420,6)
080014:37:07.791 <Resatrax1  MemData(00 00 00 00 00 00 ) 
080014:37:07.791 >Resatrax1  GetMem(000426,6)
080014:37:07.792 <Resatrax1  MemData(00 00 00 00 00 00 ) 
080014:37:07.792 >Resatrax1  GetMem(00042C,6)
080014:37:07.794 <Resatrax1  MemData(00 00 00 00 00 00 ) 
080014:37:07.794 >Resatrax1  GetMem(000432,6)
080014:37:07.795 <Resatrax1  MemData(00 00 00 00 0E 00 ) 
080014:37:07.795 >Resatrax1  GetMem(000438,6)
080014:37:07.796 <Resatrax1  MemData(0F 00 0A 32 30 30 ) 
080014:37:07.796 >Resatrax1  GetMem(00043E,6)
080014:37:07.798 <Resatrax1  MemData(39 31 37 37 34 35 ) 
080014:37:07.798 >Resatrax1  GetMem(000444,6)
080014:37:07.799 <Resatrax1  MemData(35 00 00 00 00 00 ) 
080014:37:07.799 >Resatrax1  GetMem(00044A,6)
080014:37:07.804 <Resatrax1  MemData(00 00 00 00 00 00 ) 
080014:37:07.805 >Resatrax1  GetMem(000450,6)
080014:37:07.806 <Resatrax1  MemData(00 00 00 00 00 00 ) 
080014:37:07.806 >Resatrax1  GetMem(000456,6)
080014:37:07.807 <Resatrax1  MemData(00 00 00 00 00 00 ) 
080014:37:07.807 >Resatrax1  GetMem(00045C,6)
080014:37:07.808 <Resatrax1  MemData(00 00 0F 00 10 00 ) 
080014:37:07.808 >Resatrax1  GetMem(000462,6)
080014:37:07.810 <Resatrax1  MemData(0A 32 30 30 39 31 ) 
080014:37:07.810 >Resatrax1  GetMem(000468,6)
080014:37:07.811 <Resatrax1  MemData(37 30 31 37 30 00 ) 
080014:37:07.811 >Resatrax1  GetMem(00046E,6)
080014:37:07.812 <Resatrax1  MemData(00 00 00 00 00 00 ) 
080014:37:07.812 >Resatrax1  GetMem(000474,6)
080014:37:07.814 <Resatrax1  MemData(00 00 00 00 00 00 ) 
080014:37:07.814 >Resatrax1  GetMem(00047A,6)
080014:37:07.815 <Resatrax1  MemData(00 00 00 00 00 00 ) 
080014:37:07.815 >Resatrax1  GetMem(000480,6)
080014:37:07.816 <Resatrax1  MemData(00 00 00 00 00 00 ) 
080014:37:07.816 >Resatrax1  GetMem(000486,6)
080014:37:07.818 <Resatrax1  MemData(10 00 11 00 08 37 ) 
080014:37:07.818 >Resatrax1  GetMem(00048C,6)
080014:37:07.819 <Resatrax1  MemData(36 35 34 33 32 31 ) 
080014:37:07.819 >Resatrax1  GetMem(000492,6)
080014:37:07.820 <Resatrax1  MemData(30 00 00 00 00 00 ) 
080014:37:07.820 >Resatrax1  GetMem(000498,6)
080014:37:07.822 <Resatrax1  MemData(00 00 00 00 00 00 ) 
080014:37:07.822 >Resatrax1  GetMem(00049E,6)
080014:37:07.823 <Resatrax1  MemData(00 00 00 00 00 00 ) 
080014:37:07.823 >Resatrax1  GetMem(0004A4,6)
080014:37:07.824 <Resatrax1  MemData(00 00 00 00 00 00 ) 
080014:37:07.824 >Resatrax1  GetMem(0004AA,6)
080014:37:07.826 <Resatrax1  MemData(00 00 00 00 11 00 ) 
080014:37:07.826 >Resatrax1  GetMem(0004B0,6)
080014:37:07.827 <Resatrax1  MemData(12 00 09 39 39 39 ) 
080014:37:07.827 >Resatrax1  GetMem(0004B6,6)
080014:37:07.828 <Resatrax1  MemData(39 39 39 39 39 39 ) 
080014:37:07.828 >Resatrax1  GetMem(0004BC,6)
080014:37:07.830 <Resatrax1  MemData(00 00 00 00 00 00 ) 
080014:37:07.830 >Resatrax1  GetMem(0004C2,6)
080014:37:07.831 <Resatrax1  MemData(00 00 00 00 00 00 ) 
080014:37:07.831 >Resatrax1  GetMem(0004C8,6)
080014:37:07.832 <Resatrax1  MemData(00 00 00 00 00 00 ) 
080014:37:07.832 >Resatrax1  GetMem(0004CE,6)
080014:37:07.834 <Resatrax1  MemData(00 00 00 00 00 00 ) 
080014:37:07.834 >Resatrax1  GetMem(0004D4,6)
080014:37:07.835 <Resatrax1  MemData(00 00 12 00 13 00 ) 
080014:37:07.835 >Resatrax1  GetMem(0004DA,6)
080014:37:07.836 <Resatrax1  MemData(0A 32 30 30 39 31 ) 
080014:37:07.836 >Resatrax1  GetMem(0004E0,6)
080014:37:07.838 <Resatrax1  MemData(37 37 39 39 37 00 ) 
080014:37:07.838 >Resatrax1  GetMem(0004E6,6)
080014:37:07.839 <Resatrax1  MemData(00 00 00 00 00 00 ) 
080014:37:07.839 >Resatrax1  GetMem(0004EC,6)
080014:37:07.840 <Resatrax1  MemData(00 00 00 00 00 00 ) 
080014:37:07.840 >Resatrax1  GetMem(0004F2,6)
080014:37:07.842 <Resatrax1  MemData(00 00 00 00 00 00 ) 
080014:37:07.842 >Resatrax1  GetMem(0004F8,6)
080014:37:07.843 <Resatrax1  MemData(00 00 00 00 00 00 ) 
080014:37:07.843 >Resatrax1  GetMem(0004FE,6)
080014:37:07.844 <Resatrax1  MemData(13 00 14 00 08 38 ) 
080014:37:07.844 >Resatrax1  GetMem(000504,6)
080014:37:07.846 <Resatrax1  MemData(38 38 38 38 38 38 ) 
080014:37:07.846 >Resatrax1  GetMem(00050A,6)
080014:37:07.847 <Resatrax1  MemData(38 00 00 00 00 00 ) 
080014:37:07.847 >Resatrax1  GetMem(000510,6)
080014:37:07.848 <Resatrax1  MemData(00 00 00 00 00 00 ) 
080014:37:07.848 >Resatrax1  GetMem(000516,6)
080014:37:07.850 <Resatrax1  MemData(00 00 00 00 00 00 ) 
080014:37:07.850 >Resatrax1  GetMem(00051C,6)
080014:37:07.855 <Resatrax1  MemData(00 00 00 00 00 00 ) 
080014:37:07.855 >Resatrax1  GetMem(000522,6)
080014:37:07.856 <Resatrax1  MemData(00 00 00 00 14 00 ) 
080014:37:07.856 >Resatrax1  GetMem(000528,6)
080014:37:07.858 <Resatrax1  MemData(15 00 0A 31 38 31 ) 
080014:37:07.858 >Resatrax1  GetMem(00052E,6)
080014:37:07.859 <Resatrax1  MemData(37 31 36 31 35 31 ) 
080014:37:07.859 >Resatrax1  GetMem(000534,6)
080014:37:07.860 <Resatrax1  MemData(34 00 00 00 00 00 ) 
080014:37:07.860 >Resatrax1  GetMem(00053A,6)
080014:37:07.862 <Resatrax1  MemData(00 00 00 00 00 00 ) 
080014:37:07.862 >Resatrax1  GetMem(000540,6)
080014:37:07.863 <Resatrax1  MemData(00 00 00 00 00 00 ) 
080014:37:07.863 >Resatrax1  GetMem(000546,6)
080014:37:07.864 <Resatrax1  MemData(00 00 00 00 00 00 ) 
080014:37:07.864 >Resatrax1  GetMem(00054C,2)
080014:37:07.866 <Resatrax1  MemData(00 00     ) 
080014:37:07.909 >Resatrax1  SetPort(80,35,10,     0,(    10))
080014:37:07.910 <Resatrax1  Info1: Pos1=     0     Pos2=      0    Error=  0000    Flags=  D_____PI 
080014:37:07.911 >Resatrax1  Execute(80)
