01002017/6/12 14:28 NewLogFile for client SCanIO
040414:28:06.001 Assembly: vshost32, ProductVersion=14.0.23107.0, Version=14.0.0.0, FileVersion=14.0.23107.0 of Company Microsoft_Corporation loaded from C:\zhaomin\sourcecode\RDS\RDS\RDS\bin\Debug\RDS.vshost.exe
040414:28:06.003 Assembly: Microsoft.Expression.Drawing, Version=4.5.0.0, FileVersion=3.0.40218.0 of Company Microsoft_Corporation loaded from C:\zhaomin\sourcecode\RDS\RDS\RDS\bin\Debug\Apps\Dlls\Microsoft.Expression.Drawing.dll
040414:28:06.003 Assembly: Microsoft.Expression.Effects, Version=4.5.0.0, FileVersion=3.0.40218.0 of Company Microsoft_Corporation loaded from C:\zhaomin\sourcecode\RDS\RDS\RDS\bin\Debug\Apps\Dlls\Microsoft.Expression.Effects.dll
040414:28:06.004 Assembly: Microsoft.Expression.Interactions, Version=4.5.0.0, FileVersion=3.0.40218.0 of Company Microsoft_Corporation loaded from C:\zhaomin\sourcecode\RDS\RDS\RDS\bin\Debug\Apps\Dlls\Microsoft.Expression.Interactions.dll
400414:28:06.005 Unsigned Assembly: System.Data.SQLite, Version=1.0.104.0, FileVersion=1.0.104.0 of Company https://system.data.sqlit loaded from C:\zhaomin\sourcecode\RDS\RDS\RDS\bin\Debug\Apps\Dlls\System.Data.SQLite.dll
040414:28:06.006 Assembly: System.Windows.Interactivity, Version=4.5.0.0, FileVersion=3.0.40218.0 of Company Microsoft_Corporation loaded from C:\zhaomin\sourcecode\RDS\RDS\RDS\bin\Debug\Apps\Dlls\System.Windows.Interactivity.dll
040414:28:06.006 Assembly: RDS, Version=1.0.0.0, FileVersion=1.0.0.0 loaded from C:\zhaomin\sourcecode\RDS\RDS\RDS\bin\Debug\RDS.exe
400414:28:06.007 Unsigned Assembly: RdEntity, Version=1.0.0.0, FileVersion=1.0.0.0 loaded from C:\zhaomin\sourcecode\RDS\RDS\RDS\bin\Debug\RdEntity.dll
400414:28:06.007 Unsigned Assembly: RdCore, Version=1.0.0.0, FileVersion=1.0.0.0 loaded from C:\zhaomin\sourcecode\RDS\RDS\RDS\bin\Debug\RdCore.dll
100414:28:06.009 Signed Assembly Core, ProductVersion=1.4.1, Version=1.2.6.0, FileVersion=1.2.6.2129 of Company Sias_AG loaded from C:\zhaomin\sourcecode\RDS\RDS\RDS\bin\Debug\bin\Core.dll
020414:28:06.011 No key for Assembly: SmartPropertyGrid, Version=3.0.0.45, FileVersion=3.0.0.45 of Company VisualHint loaded from C:\zhaomin\sourcecode\RDS\RDS\RDS\bin\Debug\SmartPropertyGrid.dll
100414:28:06.012 Signed Assembly DEV_CanDev, ProductVersion=1.4.1, Version=1.2.7.0, FileVersion=1.2.7.2129 of Company Sias_AG loaded from C:\zhaomin\sourcecode\RDS\RDS\RDS\bin\Debug\bin\Devices\DEV_CanDev.dll
040414:28:06.015 Startup:
040414:28:06.015  - Work Path = C:\zhaomin\sourcecode\RDS\RDS\RDS\bin\Debug
040414:28:06.016  - StartPath = C:\zhaomin\sourcecode\RDS\RDS\RDS\bin\Debug\
040414:28:06.020  - Core Path = C:\zhaomin\sourcecode\RDS\RDS\RDS\bin\Debug\bin
040414:28:06.020  - SetupFile = Sias.Config.xml
040414:28:06.021 SConfigurationManager base paths:
040414:28:06.021  - Old  Base Path = C:\zhaomin\sourcecode\RDS\RDS\RDS\bin\Debug
100414:28:06.021 Signed Assembly Dev_BaseDev, ProductVersion=1.4.1, Version=1.2.6.0, FileVersion=1.2.6.2129 of Company Sias_AG loaded from C:\zhaomin\sourcecode\RDS\RDS\RDS\bin\Debug\bin\Devices\Dev_BaseDev.dll
040414:28:06.063  - Data Base Path = C:\zhaomin\sourcecode\RDS\RDS\RDS\bin\Debug
040414:28:06.064 SConfigurationManager:
040414:28:06.064  - Driver Path = C:\zhaomin\sourcecode\RDS\RDS\RDS\bin\Debug\bin\Devices
040414:28:06.064  - Data   Path = C:\zhaomin\sourcecode\RDS\RDS\RDS\bin\Debug\data
040414:28:06.065  - Layout Path = C:\zhaomin\sourcecode\RDS\RDS\RDS\bin\Debug\data\Layouts
040414:28:06.065  - Device Path = C:\zhaomin\sourcecode\RDS\RDS\RDS\bin\Debug\data\Devices
100414:28:06.071 Signed Assembly TipManager, ProductVersion=1.4.1, Version=1.2.3.0, FileVersion=1.2.3.2129 of Company Sias_AG loaded from C:\zhaomin\sourcecode\RDS\RDS\RDS\bin\Debug\bin\TipManager.dll
100414:28:06.079 Signed Assembly LiquidManager, ProductVersion=1.4.1, Version=1.2.3.0, FileVersion=1.2.3.2129 of Company Sias_AG loaded from C:\zhaomin\sourcecode\RDS\RDS\RDS\bin\Debug\bin\LiquidManager.dll
100414:28:06.085 Signed Assembly DetectionManager, ProductVersion=1.4.1, Version=1.0.2.0, FileVersion=1.0.2.2129 of Company Sias_AG loaded from C:\zhaomin\sourcecode\RDS\RDS\RDS\bin\Debug\bin\DetectionManager.dll
100414:28:06.092 Signed Assembly Dev_Robot, ProductVersion=1.4.1, Version=1.2.5.0, FileVersion=1.2.5.2129 of Company Sias_AG loaded from C:\zhaomin\sourcecode\RDS\RDS\RDS\bin\Debug\bin\Devices\Dev_Robot.dll
100414:28:06.101 Signed Assembly Dev_PipArm, ProductVersion=1.4.1, Version=1.2.6.0, FileVersion=1.2.6.2129 of Company Sias_AG loaded from C:\zhaomin\sourcecode\RDS\RDS\RDS\bin\Debug\bin\Devices\Dev_PipArm.dll
100414:28:06.111 Signed Assembly Dev_DropStation, ProductVersion=1.4.1, Version=1.2.3.0, FileVersion=1.2.3.2129 of Company Sias_AG loaded from C:\zhaomin\sourcecode\RDS\RDS\RDS\bin\Debug\bin\Devices\Dev_DropStation.dll
100414:28:06.123 Signed Assembly LayoutManager, ProductVersion=1.4.1, Version=1.2.2.0, FileVersion=1.2.2.2129 of Company Sias_AG loaded from C:\zhaomin\sourcecode\RDS\RDS\RDS\bin\Debug\bin\LayoutManager.dll
100414:28:06.133 Signed Assembly DatabaseManager, ProductVersion=1.4.1, Version=1.2.2.0, FileVersion=1.2.2.2129 of Company Sias_AG loaded from C:\zhaomin\sourcecode\RDS\RDS\RDS\bin\Debug\bin\DatabaseManager.dll
100414:28:06.165 Signed Assembly Layout, ProductVersion=1.4.1, Version=1.2.6.0, FileVersion=1.2.6.2129 of Company Sias_AG loaded from C:\zhaomin\sourcecode\RDS\RDS\RDS\bin\Debug\bin\Layout.dll
100414:28:06.201 Signed Assembly LayoutDB, ProductVersion=1.4.1, Version=1.2.3.0, FileVersion=1.2.3.2129 of Company Sias_AG loaded from C:\zhaomin\sourcecode\RDS\RDS\RDS\bin\Debug\bin\LayoutDB.dll
100414:28:06.551 Signed Assembly DeviceManager, ProductVersion=1.4.1, Version=1.2.5.0, FileVersion=1.2.5.2129 of Company Sias_AG loaded from C:\zhaomin\sourcecode\RDS\RDS\RDS\bin\Debug\bin\DeviceManager.dll
100414:28:06.561 Signed Assembly Dev_BarcodeYZ, ProductVersion=1.4.1, Version=1.2.3.0, FileVersion=1.2.3.2129 of Company Sias_AG loaded from C:\zhaomin\sourcecode\RDS\RDS\RDS\bin\Debug\bin\Devices\Dev_BarcodeYZ.dll
100414:28:06.575 Signed Assembly Dev_BCReader, ProductVersion=1.4.1, Version=1.2.1.0, FileVersion=1.2.1.2129 of Company Sias_AG loaded from C:\zhaomin\sourcecode\RDS\RDS\RDS\bin\Debug\bin\Devices\Dev_BCReader.dll
100414:28:06.581 Signed Assembly Dev_BottleSensor, ProductVersion=1.4.1, Version=0.9.0.0, FileVersion=0.9.0.2129 of Company Sias_AG loaded from C:\zhaomin\sourcecode\RDS\RDS\RDS\bin\Debug\bin\Devices\Dev_BottleSensor.dll
100414:28:06.590 Signed Assembly Dev_Centrifuge, ProductVersion=1.4.1, Version=1.2.3.0, FileVersion=1.2.3.2129 of Company Sias_AG loaded from C:\zhaomin\sourcecode\RDS\RDS\RDS\bin\Debug\bin\Devices\Dev_Centrifuge.dll
100414:28:06.604 Signed Assembly Dev_CombiArm, ProductVersion=1.4.1, Version=0.9.0.0, FileVersion=0.9.0.2129 of Company Sias_AG loaded from C:\zhaomin\sourcecode\RDS\RDS\RDS\bin\Debug\bin\Devices\Dev_CombiArm.dll
100414:28:06.613 Signed Assembly Dev_GripArm, ProductVersion=1.4.1, Version=1.2.6.0, FileVersion=1.2.6.2129 of Company Sias_AG loaded from C:\zhaomin\sourcecode\RDS\RDS\RDS\bin\Debug\bin\Devices\Dev_GripArm.dll
100414:28:06.621 Signed Assembly Dev_Motor, ProductVersion=1.4.1, Version=1.2.2.0, FileVersion=1.2.2.2129 of Company Sias_AG loaded from C:\zhaomin\sourcecode\RDS\RDS\RDS\bin\Debug\bin\Devices\Dev_Motor.dll
100414:28:06.630 Signed Assembly Dev_Cover, ProductVersion=1.4.1, Version=0.9.1.0, FileVersion=0.9.1.2129 of Company Sias_AG loaded from C:\zhaomin\sourcecode\RDS\RDS\RDS\bin\Debug\bin\Devices\Dev_Cover.dll
100414:28:06.637 Signed Assembly Dev_DownHolder, ProductVersion=1.4.1, Version=1.0.1.0, FileVersion=1.0.1.2129 of Company Sias_AG loaded from C:\zhaomin\sourcecode\RDS\RDS\RDS\bin\Debug\bin\Devices\Dev_DownHolder.dll
100414:28:06.647 Signed Assembly Dev_DynamicWasher, ProductVersion=1.4.1, Version=1.0.4.0, FileVersion=1.0.4.2129 of Company Sias_AG loaded from C:\zhaomin\sourcecode\RDS\RDS\RDS\bin\Debug\bin\Devices\Dev_DynamicWasher.dll
100414:28:06.655 Signed Assembly Dev_Washer, ProductVersion=1.4.1, Version=1.2.2.0, FileVersion=1.2.2.2129 of Company Sias_AG loaded from C:\zhaomin\sourcecode\RDS\RDS\RDS\bin\Debug\bin\Devices\Dev_Washer.dll
100414:28:06.664 Signed Assembly WashManager, ProductVersion=1.4.1, Version=1.2.0.0, FileVersion=1.2.0.2129 of Company Sias_AG loaded from C:\zhaomin\sourcecode\RDS\RDS\RDS\bin\Debug\bin\WashManager.dll
100414:28:06.673 Signed Assembly Dev_GripperBarcodeYZ, ProductVersion=1.4.1, Version=1.2.2.0, FileVersion=1.2.2.2129 of Company Sias_AG loaded from C:\zhaomin\sourcecode\RDS\RDS\RDS\bin\Debug\bin\Devices\Dev_GripperBarcodeYZ.dll
100414:28:06.685 Signed Assembly Dev_GripperFlexBcrYZ, ProductVersion=1.4.1, Version=0.9.0.0, FileVersion=0.9.0.2129 of Company Sias_AG loaded from C:\zhaomin\sourcecode\RDS\RDS\RDS\bin\Debug\bin\Devices\Dev_GripperFlexBcrYZ.dll
100414:28:06.741 Signed Assembly Dev_HeatPos, ProductVersion=1.4.1, Version=1.2.3.0, FileVersion=1.2.3.2129 of Company Sias_AG loaded from C:\zhaomin\sourcecode\RDS\RDS\RDS\bin\Debug\bin\Devices\Dev_HeatPos.dll
100414:28:06.782 Signed Assembly Dev_HumidityChamber, ProductVersion=1.4.1, Version=0.9.0.0, FileVersion=0.9.0.2129 of Company Sias_AG loaded from C:\zhaomin\sourcecode\RDS\RDS\RDS\bin\Debug\bin\Devices\Dev_HumidityChamber.dll
100414:28:06.788 Signed Assembly Dev_IDTrax, ProductVersion=1.4.1, Version=1.2.3.0, FileVersion=1.2.3.2129 of Company Sias_AG loaded from C:\zhaomin\sourcecode\RDS\RDS\RDS\bin\Debug\bin\Devices\Dev_IDTrax.dll
100414:28:06.798 Signed Assembly Dev_IOPort, ProductVersion=1.4.1, Version=0.9.0.0, FileVersion=0.9.0.2129 of Company Sias_AG loaded from C:\zhaomin\sourcecode\RDS\RDS\RDS\bin\Debug\bin\Devices\Dev_IOPort.dll
100414:28:06.809 Signed Assembly Dev_PipPump, ProductVersion=1.4.1, Version=1.2.2.0, FileVersion=1.2.2.2129 of Company Sias_AG loaded from C:\zhaomin\sourcecode\RDS\RDS\RDS\bin\Debug\bin\Devices\Dev_PipPump.dll
100414:28:06.823 Signed Assembly Dev_PlateTrax, ProductVersion=1.4.1, Version=1.2.5.0, FileVersion=1.2.5.2129 of Company Sias_AG loaded from C:\zhaomin\sourcecode\RDS\RDS\RDS\bin\Debug\bin\Devices\Dev_PlateTrax.dll
100414:28:06.845 Signed Assembly Dev_Reader, ProductVersion=1.4.1, Version=1.2.3.0, FileVersion=1.2.3.2129 of Company Sias_AG loaded from C:\zhaomin\sourcecode\RDS\RDS\RDS\bin\Debug\bin\Devices\Dev_Reader.dll
100414:28:06.878 Signed Assembly Dev_ReSaTrax, ProductVersion=1.4.1, Version=1.2.5.0, FileVersion=1.2.5.2129 of Company Sias_AG loaded from C:\zhaomin\sourcecode\RDS\RDS\RDS\bin\Debug\bin\Devices\Dev_ReSaTrax.dll
100414:28:06.888 Signed Assembly Dev_Scale, ProductVersion=1.4.1, Version=1.0.1.0, FileVersion=1.0.1.2129 of Company Sias_AG loaded from C:\zhaomin\sourcecode\RDS\RDS\RDS\bin\Debug\bin\Devices\Dev_Scale.dll
100414:28:06.896 Signed Assembly Dev_Shaker, ProductVersion=1.4.1, Version=1.2.2.0, FileVersion=1.2.2.2129 of Company Sias_AG loaded from C:\zhaomin\sourcecode\RDS\RDS\RDS\bin\Debug\bin\Devices\Dev_Shaker.dll
100414:28:06.936 Signed Assembly Dev_ThermoShaker, ProductVersion=1.4.1, Version=1.2.2.0, FileVersion=1.2.2.2129 of Company Sias_AG loaded from C:\zhaomin\sourcecode\RDS\RDS\RDS\bin\Debug\bin\Devices\Dev_ThermoShaker.dll
100414:28:06.956 Signed Assembly Dev_TipWasher, ProductVersion=1.4.1, Version=1.0.5.0, FileVersion=1.0.5.2129 of Company Sias_AG loaded from C:\zhaomin\sourcecode\RDS\RDS\RDS\bin\Debug\bin\Devices\Dev_TipWasher.dll
100414:28:06.971 Signed Assembly Dev_Ultrasonic, ProductVersion=1.4.1, Version=0.9.0.0, FileVersion=0.9.0.2129 of Company Sias_AG loaded from C:\zhaomin\sourcecode\RDS\RDS\RDS\bin\Debug\bin\Devices\Dev_Ultrasonic.dll
100414:28:06.989 Signed Assembly Dev_VacuumStation, ProductVersion=1.4.1, Version=1.0.0.0, FileVersion=1.0.0.2129 of Company Sias_AG loaded from C:\zhaomin\sourcecode\RDS\RDS\RDS\bin\Debug\bin\Devices\Dev_VacuumStation.dll
100414:28:07.007 Signed Assembly Dev_WashHead, ProductVersion=1.4.1, Version=1.0.2.0, FileVersion=1.0.2.2129 of Company Sias_AG loaded from C:\zhaomin\sourcecode\RDS\RDS\RDS\bin\Debug\bin\Devices\Dev_WashHead.dll
100414:28:07.032 Signed Assembly UserManager, ProductVersion=1.4.1, Version=1.2.1.0, FileVersion=1.2.1.2129 of Company Sias_AG loaded from C:\zhaomin\sourcecode\RDS\RDS\RDS\bin\Debug\bin\UserManager.dll
040414:28:07.036 Clear Devices
040414:28:07.146 No Object for Property DefaultWashStationName!
040414:28:07.210 No Object for Property DefaultWashStationName!
040414:28:07.386 No Object for Property DefaultWashStationName!
040414:28:07.446 Clear Devices
040414:28:07.477 No Object for Property PipettingArmName!
040414:28:09.627 Clear Devices
040414:28:09.638 Add Device PipArm.XMot to Devices[51] as 0
040414:28:09.652 No valid type for Token DefaultWashStationName ==> use String
040414:28:09.706 Add Device PipArm.Tip1.YMotor to Devices[31] as 0
040414:28:09.708 Add Device PipArm.Tip1.ZMotor to Devices[21] as 0
040414:28:09.710 Add Device PipArm.Tip1.Pump to Devices[11] as 0
040414:28:09.710 Add Device PipArm.Tip2.YMotor to Devices[32] as 0
040414:28:09.711 Add Device PipArm.Tip2.ZMotor to Devices[22] as 0
040414:28:09.712 Add Device PipArm.Tip2.Pump to Devices[12] as 0
040414:28:09.712 Add Device PipArm.Tip3.YMotor to Devices[33] as 0
040414:28:09.714 Add Device PipArm.Tip3.ZMotor to Devices[23] as 0
040414:28:09.716 Add Device PipArm.Tip3.Pump to Devices[13] as 0
040414:28:09.721 Add Device Resatrax1 to Devices[93] as 0
040414:28:09.728 Clear Devices
040414:28:09.733 Add Device PipArm.XMot to Devices[51] as 0
040414:28:09.740 No valid type for Token DefaultWashStationName ==> use String
040414:28:09.790 Add Device PipArm.Tip1.YMotor to Devices[31] as 0
040414:28:09.791 Add Device PipArm.Tip1.ZMotor to Devices[21] as 0
040414:28:09.791 Add Device PipArm.Tip1.Pump to Devices[11] as 0
040414:28:09.792 Add Device PipArm.Tip2.YMotor to Devices[32] as 0
040414:28:09.793 Add Device PipArm.Tip2.ZMotor to Devices[22] as 0
040414:28:09.793 Add Device PipArm.Tip2.Pump to Devices[12] as 0
040414:28:09.794 Add Device PipArm.Tip3.YMotor to Devices[33] as 0
040414:28:09.794 Add Device PipArm.Tip3.ZMotor to Devices[23] as 0
040414:28:09.795 Add Device PipArm.Tip3.Pump to Devices[13] as 0
040414:28:09.797 Add Device Resatrax1 to Devices[93] as 0
040414:28:09.804 Startup C:\zhaomin\sourcecode\RDS\RDS\RDS\bin\Debug\bin\Devices\DEV_CanDev.dllDEV_CanDev, Version=1.2.7.0, Culture=neutral, PublicKeyToken=null
040014:28:09.804 SetRobotError(1100)
040014:28:09.806 Add Client0: 'CAN_IO', 0
040014:28:09.806 Loaded CanApi2.DLL V2.56.2.0
040014:28:09.806 Startup CAN I/O.DLL V1, 4, 3, 4 from (Dec 18 2014 14:04:36)
040014:28:09.806 CanIO length: 364
040014:28:09.806 CAN VersionInfo: PCAN_USB 3.8.2.10146;(KMDF, WLH_amd64);Copyright (C) 1995-2012 by;PEAK-System Technik GmbH, Darmstadt
040014:28:09.806 debfile: C:\zhaomin\sourcecode\RDS\RDS\RDS\bin\Debug\bin\Devices\\debug.ini
040014:28:09.806 Debug Options: LogFile=0,0; LogOpt=0000; DlgOpt=0000
040014:28:09.806 0000=CAN_RegisterClient(RD_Robot,00000000,00000020);
040014:28:09.806 0000=CAN_ConnectToNet(0020, 1MBit, C42945C);
800014:28:09.806 CAN I/O Thread: 00000E54 00001A34
040014:28:09.806 SetRobotError(0000)
040014:28:09.806 SetRobotError(0000)
080014:28:09.842 <Modul#11   SerNo   0000152EC2B6.00 
080014:28:09.845 <Modul#12   SerNo   0000152D6702.00 
080014:28:09.846 <PipArm.Tip1.Pump Info3: Type=    17     V1.53           Build      1    iv=0 
080014:28:09.847 <PipArm.Tip2.Pump Info3: Type=    17     V1.53           Build      1    iv=0 
080014:28:09.848 <PipArm.Tip1.Pump Info2: res=      1     res1=      0    res2=      0    res3=          0 
080014:28:09.849 <PipArm.Tip2.Pump Info2: res=      1     res1=      0    res2=      0    res3=          0 
080014:28:09.850 <PipArm.Tip1.Pump Info1: Pos1=     0     Pos2=     17    Error=  0000    Flags=  _______I 
080014:28:09.851 <PipArm.Tip2.Pump Info1: Pos1=     0     Pos2=     17    Error=  0000    Flags=  _______I 
080014:28:09.853 <Modul#13   SerNo   0000152EC2B6.01 
080014:28:09.855 <PipArm.Tip3.Pump Info3: Type=    17     V1.53           Build      1    iv=0 
080014:28:09.857 <PipArm.Tip3.Pump Info2: res=      1     res1=      0    res2=      0    res3=          0 
080014:28:09.859 <PipArm.Tip3.Pump Info1: Pos1=     0     Pos2=     17    Error=  0000    Flags=  _______I 
080014:28:09.868 <Modul#21   SerNo   0000152E1894.01 
080014:28:09.869 <Modul#22   SerNo   0000152D8BE9.01 
080014:28:09.870 <PipArm.Tip1.ZMotor Info3: Type=     5     V1.62           Build      5    iv=0 
080014:28:09.871 <PipArm.Tip2.ZMotor Info3: Type=     5     V1.62           Build      5    iv=0 
080014:28:09.871 <PipArm.Tip1.ZMotor Info2: res=      1     res1=      0    res2=      0    res3=          0 
080014:28:09.872 <PipArm.Tip2.ZMotor Info2: res=      1     res1=      0    res2=      0    res3=          0 
080014:28:09.873 <PipArm.Tip1.ZMotor Info1: Pos1=     0     Pos2=      0    Error=  0000    Flags=  _______I 
080014:28:09.874 <PipArm.Tip2.ZMotor Info1: Pos1=     0     Pos2=      0    Error=  0000    Flags=  _______I 
080014:28:09.876 <Modul#23   SerNo   0000152D91BB.01 
080014:28:09.878 <PipArm.Tip3.ZMotor Info3: Type=     5     V1.62           Build      5    iv=0 
080014:28:09.879 <PipArm.Tip3.ZMotor Info2: res=      1     res1=      0    res2=      0    res3=          0 
080014:28:09.881 <PipArm.Tip3.ZMotor Info1: Pos1=     0     Pos2=      0    Error=  0000    Flags=  _______I 
080014:28:09.892 <Modul#31   SerNo   0000152E1894.00 
080014:28:09.893 <Modul#32   SerNo   0000152D8BE9.00 
080014:28:09.894 <PipArm.Tip1.YMotor Info3: Type=     5     V1.62           Build      5    iv=0 
080014:28:09.895 <PipArm.Tip2.YMotor Info3: Type=     5     V1.62           Build      5    iv=0 
080014:28:09.895 <PipArm.Tip1.YMotor Info2: res=      1     res1=      0    res2=      3    res3=         23 
080014:28:09.896 <PipArm.Tip2.YMotor Info2: res=      1     res1=      0    res2=     -5    res3=         40 
080014:28:09.897 <PipArm.Tip1.YMotor Info1: Pos1=     2     Pos2=     23    Error=  0000    Flags=  _______I 
080014:28:09.898 <PipArm.Tip2.YMotor Info1: Pos1=     3     Pos2=     40    Error=  0000    Flags=  _______I 
080014:28:09.901 <Modul#33   SerNo   0000152D91BB.00 
080014:28:09.903 <PipArm.Tip3.YMotor Info3: Type=     5     V1.62           Build      5    iv=0 
080014:28:09.904 <PipArm.Tip3.YMotor Info2: res=      1     res1=      0    res2=      5    res3=         39 
080014:28:09.906 <PipArm.Tip3.YMotor Info1: Pos1=     3     Pos2=     39    Error=  0000    Flags=  _______I 
080014:28:09.935 <Modul#51   SerNo   000015318538.00 
080014:28:09.936 <PipArm.XMot Info3: Type=     5     V1.62           Build      5    iv=0 
080014:28:09.937 <PipArm.XMot Info2: res=      1     res1=      0    res2=     11    res3=          8 
080014:28:09.938 <PipArm.XMot Info1: Pos1=     0     Pos2=      8    Error=  0000    Flags=  _______I 
200414:28:09.983 Set number of slots in device Resatrax1 to 6.
020414:28:09.988 Attach exception: System.NullReferenceException: 未将对象引用设置到对象的实例。|    在 Sias.ReSaTrax.SReSaTraxDevice.AttachLayoutData(ILayoutDevice LayoutDevice)
080014:28:10.003 <Modul#93   SerNo   000019192644.00 
080014:28:10.005 <Resatrax1  Info3: Type=    61     V0.28           Build      1    iv=0 
080014:28:10.006 <Resatrax1  Info2: res=    128     res1=   1001    res2=      1    res3=        255 
080014:28:10.008 <Resatrax1  Info1: Pos1=     0     Pos2=      0    Error=  0000    Flags=  D______I 
800014:28:10.136 New robot thread: 000035DC
040414:28:10.154 Start Thread ...
040414:28:10.156 Start a new workthread
040414:28:10.157 No valid type for Token LayoutName ==> use String
040014:28:10.164 SetRobotError(0000)
800014:28:10.164 New robot thread: 0000282C
010414:28:10.164 Init Robot (0)
200414:28:10.167 SRobotDevice::Init(Sias.BaseDev.SDeviceInitOptions)
080014:28:10.176 >PipArm.Tip1.ZMotor Init(  1000,    80,P_______)
080014:28:10.178 >PipArm.Tip2.ZMotor Init(  1000,    80,P_______)
080014:28:10.178 >PipArm.Tip3.ZMotor Init(  1000,    80,P_______)
080014:28:10.178 <PipArm.Tip1.ZMotor Info1: Pos1=     0     Pos2=      0    Error=  0000    Flags=  ______PI 
080014:28:10.180 <PipArm.Tip3.ZMotor Info1: Pos1=     0     Pos2=      0    Error=  0000    Flags=  ______PI 
080014:28:10.180 <PipArm.Tip2.ZMotor Info1: Pos1=     0     Pos2=      0    Error=  0000    Flags=  ______PI 
080014:28:10.181 >AllModules Execute(01)
080014:28:10.183 <PipArm.Tip3.ZMotor Info1: Pos1=     0     Pos2=      0    Error=  0000    Flags=  _____A_I 
080014:28:10.183 <PipArm.Tip1.ZMotor Info1: Pos1=     0     Pos2=      0    Error=  0000    Flags=  _____A_I 
080014:28:10.183 <PipArm.Tip2.ZMotor Info1: Pos1=     0     Pos2=      0    Error=  0000    Flags=  _____A_I 
080014:28:10.184 <PipArm.Tip3.ZMotor Info1: Pos1=     0     Pos2=      0    Error=  0000    Flags=  _____A_I 
080014:28:10.184 <PipArm.Tip2.ZMotor Info1: Pos1=     0     Pos2=      0    Error=  0000    Flags=  _____A_I 
080014:28:10.184 <PipArm.Tip1.ZMotor Info1: Pos1=     0     Pos2=      0    Error=  0000    Flags=  _____A_I 
080014:28:10.712 <PipArm.Tip1.ZMotor Info1: Pos1=     0     Pos2=      0    Error=  0000    Flags=  _______I 
080014:28:10.713 <PipArm.Tip2.ZMotor Info1: Pos1=     0     Pos2=      0    Error=  0000    Flags=  _______I 
080014:28:10.722 <PipArm.Tip3.ZMotor Info1: Pos1=     0     Pos2=      0    Error=  0000    Flags=  _______I 
080014:28:10.726 >PipArm.XMot Move(      0,  1000,   100,P_______)
080014:28:10.728 <PipArm.XMot Info1: Pos1=     0     Pos2=      8    Error=  0000    Flags=  ______PI 
080014:28:10.730 >PipArm.XMot Execute(01)
080014:28:10.732 <PipArm.XMot Info1: Pos1=     0     Pos2=      8    Error=  0000    Flags=  _____A_I 
080014:28:10.747 <PipArm.XMot Info1: Pos1=     0     Pos2=      6    Error=  0000    Flags=  _______I 
080014:28:10.749 >PipArm.Tip1.YMotor Init(   750,   150,P_______)
080014:28:10.751 <PipArm.Tip1.YMotor Info1: Pos1=     2     Pos2=     23    Error=  0000    Flags=  ______PI 
080014:28:10.753 >AllModules Execute(01)
080014:28:10.754 <PipArm.Tip1.YMotor Info1: Pos1=     0     Pos2=     23    Error=  0000    Flags=  _____A_I 
080014:28:10.755 <PipArm.Tip1.YMotor Info1: Pos1=     0     Pos2=      0    Error=  0000    Flags=  _____A_I 
080014:28:11.010 <PipArm.Tip1.YMotor Info1: Pos1=     0     Pos2=      0    Error=  0200    Flags=  ___W___I 
080014:28:11.012 >PipArm.Tip2.YMotor Init(   750,   150,P_______)
080014:28:11.014 <PipArm.Tip2.YMotor Info1: Pos1=     3     Pos2=     40    Error=  0000    Flags=  ______PI 
080014:28:11.016 >AllModules Execute(01)
080014:28:11.017 <PipArm.Tip2.YMotor Info1: Pos1=     0     Pos2=     40    Error=  0000    Flags=  _____A_I 
080014:28:11.018 <PipArm.Tip2.YMotor Info1: Pos1=     0     Pos2=      0    Error=  0000    Flags=  _____A_I 
080014:28:11.273 <PipArm.Tip2.YMotor Info1: Pos1=     0     Pos2=      0    Error=  0200    Flags=  ___W___I 
080014:28:11.275 >PipArm.Tip3.YMotor Init(   750,   150,P_______)
080014:28:11.277 <PipArm.Tip3.YMotor Info1: Pos1=     3     Pos2=     39    Error=  0000    Flags=  ______PI 
080014:28:11.279 >AllModules Execute(01)
080014:28:11.281 <PipArm.Tip3.YMotor Info1: Pos1=     0     Pos2=     39    Error=  0000    Flags=  _____A_I 
080014:28:11.281 <PipArm.Tip3.YMotor Info1: Pos1=     0     Pos2=      0    Error=  0000    Flags=  _____A_I 
080014:28:11.537 <PipArm.Tip3.YMotor Info1: Pos1=     0     Pos2=      0    Error=  0200    Flags=  ___W___I 
080014:28:11.538 >PipArm.Tip1.YMotor Move(      0,   750,   150,P_______)
080014:28:11.538 >PipArm.Tip2.YMotor Move(      0,   750,   150,P_______)
080014:28:11.538 >PipArm.Tip3.YMotor Move(      0,   750,   150,P_______)
080014:28:11.539 <PipArm.Tip2.YMotor Info1: Pos1=     3     Pos2=     40    Error=  0200    Flags=  ___W__PI 
080014:28:11.540 <PipArm.Tip1.YMotor Info1: Pos1=     2     Pos2=     31    Error=  0200    Flags=  ___W__PI 
080014:28:11.540 <PipArm.Tip3.YMotor Info1: Pos1=     2     Pos2=     33    Error=  0200    Flags=  ___W__PI 
080014:28:11.542 >AllModules Execute(01)
080014:28:11.544 <PipArm.Tip1.YMotor Info1: Pos1=     2     Pos2=     31    Error=  0000    Flags=  _____A_I 
080014:28:11.544 <PipArm.Tip3.YMotor Info1: Pos1=     4     Pos2=     64    Error=  0000    Flags=  _____A_I 
080014:28:11.544 <PipArm.Tip2.YMotor Info1: Pos1=     3     Pos2=     40    Error=  0000    Flags=  _____A_I 
080014:28:11.570 <PipArm.Tip1.YMotor Info1: Pos1=     2     Pos2=     24    Error=  0000    Flags=  _______I 
080014:28:11.575 <PipArm.Tip2.YMotor Info1: Pos1=     2     Pos2=     31    Error=  0000    Flags=  _______I 
080014:28:11.580 <PipArm.Tip3.YMotor Info1: Pos1=     3     Pos2=     30    Error=  0000    Flags=  _______I 
080014:28:11.582 >PipArm.XMot Init(  1000,   100,P_______)
080014:28:11.583 <PipArm.XMot Info1: Pos1=     0     Pos2=      7    Error=  0000    Flags=  ______PI 
080014:28:11.584 >PipArm.XMot Execute(01)
080014:28:11.585 <PipArm.XMot Info1: Pos1=     0     Pos2=      7    Error=  0000    Flags=  _____A_I 
080014:28:11.585 <PipArm.XMot Info1: Pos1=     0     Pos2=      0    Error=  0000    Flags=  _____A_I 
080014:28:12.204 <PipArm.XMot Info1: Pos1=     0     Pos2=      1    Error=  0000    Flags=  _______I 
080014:28:12.205 >Resatrax1  Init(     0,     0,P_______)
080014:28:12.207 <Resatrax1  Info1: Pos1=     0     Pos2=      0    Error=  0000    Flags=  D_____PI 
080014:28:12.209 >Resatrax1  Execute(80)
080014:28:12.210 <Resatrax1  Info1: Pos1=     0     Pos2=      0    Error=  0000    Flags=  D____A_I 
080014:28:12.213 <Resatrax1  Info1: Pos1=     0     Pos2=      0    Error=  0000    Flags=  D______I 
080014:28:12.234 >PipArm.Tip1.Pump Init(     0,     0,P_______)
080014:28:12.234 >PipArm.Tip2.Pump Init(     0,     0,P_______)
080014:28:12.234 >PipArm.Tip3.Pump Init(     0,     0,P_______)
080014:28:12.236 <PipArm.Tip1.Pump Info1: Pos1=     0     Pos2=     17    Error=  0000    Flags=  ______PI 
080014:28:12.236 <PipArm.Tip2.Pump Info1: Pos1=     0     Pos2=     17    Error=  0000    Flags=  ______PI 
080014:28:12.237 <PipArm.Tip3.Pump Info1: Pos1=     0     Pos2=     17    Error=  0000    Flags=  ______PI 
080014:28:12.238 >AllModules Execute(01)
080014:28:12.240 <PipArm.Tip2.Pump Info1: Pos1=     0     Pos2=     17    Error=  0000    Flags=  _____A_I 
080014:28:12.240 <PipArm.Tip1.Pump Info1: Pos1=     0     Pos2=     17    Error=  0000    Flags=  _____A_I 
080014:28:12.240 <PipArm.Tip3.Pump Info1: Pos1=     0     Pos2=     17    Error=  0000    Flags=  _____A_I 
080014:28:12.442 <PipArm.Tip1.Pump Info1: Pos1=     0     Pos2=     17    Error=  0000    Flags=  _______I 
080014:28:12.442 <PipArm.Tip3.Pump Info1: Pos1=     0     Pos2=     17    Error=  0000    Flags=  _______I 
080014:28:12.540 <PipArm.Tip2.Pump Info1: Pos1=     0     Pos2=     17    Error=  0000    Flags=  _______I 
040414:28:12.543 thread finished
400414:28:13.262 Unsigned Assembly: RDSCL, Version=1.0.0.0, FileVersion=1.0.0.0 loaded from C:\zhaomin\sourcecode\RDS\RDS\RDS\bin\Debug\RDSCL.dll
080014:28:20.663 >Resatrax1  GetPort(33)
080014:28:20.668 <Resatrax1  PortData(33,10, 0,(    10,    -1)) 
080014:28:20.670 >Resatrax1  SetPort(80,33,10,     0,(    10))
080014:28:20.672 <Resatrax1  Info1: Pos1=     0     Pos2=      0    Error=  0000    Flags=  D_____PI 
080014:28:20.673 >Resatrax1  Execute(80)
080014:28:20.674 <Resatrax1  Info1: Pos1=     0     Pos2=      0    Error=  0000    Flags=  D______I 
080014:28:20.675 >Resatrax1  GetPort(34)
080014:28:20.680 <Resatrax1  PortData(34,10, 0,(    10,    -1)) 
080014:28:20.682 >Resatrax1  SetPort(80,34,10,     0,(    10))
080014:28:20.684 <Resatrax1  Info1: Pos1=     0     Pos2=      0    Error=  0000    Flags=  D_____PI 
080014:28:20.684 >Resatrax1  Execute(80)
080014:28:20.685 <Resatrax1  Info1: Pos1=     0     Pos2=      0    Error=  0000    Flags=  D______I 
080014:28:20.686 >Resatrax1  GetPort(35)
080014:28:20.691 <Resatrax1  PortData(35,10, 0,(    10,    -1)) 
080014:28:20.692 >Resatrax1  SetPort(80,35,10,     0,(    10))
080014:28:20.693 <Resatrax1  Info1: Pos1=     0     Pos2=      0    Error=  0000    Flags=  D_____PI 
080014:28:20.694 >Resatrax1  Execute(80)
080014:28:20.699 <Resatrax1  Info1: Pos1=     0     Pos2=      0    Error=  0000    Flags=  D______I 
080014:28:20.700 >Resatrax1  GetPort(36)
080014:28:20.705 <Resatrax1  PortData(36,10, 0,(    10,    -1)) 
080014:28:20.706 >Resatrax1  SetPort(80,36,10,     0,(    10))
080014:28:20.707 <Resatrax1  Info1: Pos1=     0     Pos2=      0    Error=  0000    Flags=  D_____PI 
080014:28:20.708 >Resatrax1  Execute(80)
080014:28:20.709 <Resatrax1  Info1: Pos1=     0     Pos2=      0    Error=  0000    Flags=  D______I 
080014:28:20.710 >Resatrax1  GetPort(37)
080014:28:20.716 <Resatrax1  PortData(37,10, 0,(    10,    -1)) 
080014:28:20.718 >Resatrax1  SetPort(80,37,10,     0,(    10))
080014:28:20.719 <Resatrax1  Info1: Pos1=     0     Pos2=      0    Error=  0000    Flags=  D_____PI 
080014:28:20.719 >Resatrax1  Execute(80)
080014:28:20.721 <Resatrax1  Info1: Pos1=     0     Pos2=      0    Error=  0000    Flags=  D______I 
080014:28:20.722 >Resatrax1  GetPort(38)
080014:28:20.726 <Resatrax1  PortData(38,10, 0,(    10,    -1)) 
080014:28:20.727 >Resatrax1  SetPort(80,38,10,     0,(    10))
080014:28:20.728 <Resatrax1  Info1: Pos1=     0     Pos2=      0    Error=  0000    Flags=  D_____PI 
080014:28:20.729 >Resatrax1  Execute(80)
080014:28:20.730 <Resatrax1  Info1: Pos1=     0     Pos2=      0    Error=  0000    Flags=  D______I 
080014:28:20.732 >Resatrax1  GetPort(35)
080014:28:20.737 <Resatrax1  PortData(35,10, 0,(    10,    -1)) 
080014:28:20.741 >Resatrax1  GetPort(35)
080014:28:20.751 <Resatrax1  PortData(35,10, 0,(    10,    -1)) 
080014:28:20.753 >Resatrax1  SetPort(80,35, 3,     0,(     3))
080014:28:20.755 <Resatrax1  Info1: Pos1=     0     Pos2=      0    Error=  0000    Flags=  D_____PI 
080014:28:20.758 >Resatrax1  Execute(80)
080014:28:20.758 <Resatrax1  Info1: Pos1=     0     Pos2=      0    Error=  0000    Flags=  D______I 
080014:28:20.815 >Resatrax1  GetPort(35)
080014:28:20.820 <Resatrax1  PortData(35,11, 0,(    11,    -1)) 
080014:28:20.881 >Resatrax1  GetPort(35)
080014:28:20.886 <Resatrax1  PortData(35,11, 0,(    11,    -1)) 
080014:28:20.939 >Resatrax1  GetPort(35)
080014:28:20.944 <Resatrax1  PortData(35,11, 0,(    11,    -1)) 
080014:28:20.998 >Resatrax1  GetPort(35)
080014:28:21.007 <Resatrax1  PortData(35,11, 0,(    11,    -1)) 
080014:28:21.060 >Resatrax1  GetPort(35)
080014:28:21.065 <Resatrax1  PortData(35,11, 0,(    11,    -1)) 
080014:28:21.117 >Resatrax1  GetPort(35)
080014:28:21.122 <Resatrax1  PortData(35,11, 0,(    11,    -1)) 
080014:28:21.175 >Resatrax1  GetPort(35)
080014:28:21.180 <Resatrax1  PortData(35,11, 0,(    11,    -1)) 
080014:28:21.232 >Resatrax1  GetPort(35)
080014:28:21.236 <Resatrax1  PortData(35,11, 0,(    11,    -1)) 
080014:28:21.289 >Resatrax1  GetPort(35)
080014:28:21.294 <Resatrax1  PortData(35,11, 0,(    11,    -1)) 
080014:28:21.346 >Resatrax1  GetPort(35)
080014:28:21.351 <Resatrax1  PortData(35,11, 0,(    11,    -1)) 
080014:28:21.403 >Resatrax1  GetPort(35)
080014:28:21.412 <Resatrax1  PortData(35,11, 0,(    11,    -1)) 
080014:28:21.464 >Resatrax1  GetPort(35)
080014:28:21.469 <Resatrax1  PortData(35,11, 0,(    11,    -1)) 
080014:28:21.522 >Resatrax1  GetPort(35)
080014:28:21.527 <Resatrax1  PortData(35,11, 0,(    11,    -1)) 
080014:28:21.579 >Resatrax1  GetPort(35)
080014:28:21.584 <Resatrax1  PortData(35,11, 0,(    11,    -1)) 
080014:28:21.636 >Resatrax1  GetPort(35)
080014:28:21.641 <Resatrax1  PortData(35,11, 0,(    11,    -1)) 
080014:28:21.694 >Resatrax1  GetPort(35)
080014:28:21.699 <Resatrax1  PortData(35,11, 0,(    11,    -1)) 
080014:28:21.751 >Resatrax1  GetPort(35)
080014:28:21.756 <Resatrax1  PortData(35,11, 0,(    11,    -1)) 
080014:28:21.808 >Resatrax1  GetPort(35)
080014:28:21.813 <Resatrax1  PortData(35,11, 0,(    11,    -1)) 
080014:28:21.865 >Resatrax1  GetPort(35)
080014:28:21.874 <Resatrax1  PortData(35, 7, 0,(     7,    -1)) 
080014:28:21.927 >Resatrax1  GetPort(35)
080014:28:21.932 <Resatrax1  PortData(35, 7, 0,(     7,    -1)) 
080014:28:21.984 >Resatrax1  GetPort(35)
080014:28:21.989 <Resatrax1  PortData(35, 7, 0,(     7,    -1)) 
080014:28:22.041 >Resatrax1  GetPort(35)
080014:28:22.046 <Resatrax1  PortData(35, 7, 0,(     7,    -1)) 
080014:28:22.098 >Resatrax1  GetPort(35)
080014:28:22.103 <Resatrax1  PortData(35, 7, 0,(     7,    -1)) 
080014:28:22.169 >Resatrax1  SetPort(80,35, 0,     0,(     0))
080014:28:22.171 <Resatrax1  Info1: Pos1=     0     Pos2=      0    Error=  0000    Flags=  D_____PI 
080014:28:22.172 >Resatrax1  Execute(80)
080014:28:22.177 <Resatrax1  Info1: Pos1=     0     Pos2=      0    Error=  0000    Flags=  D______I 
080014:28:22.178 >Resatrax1  GetPort(35)
080014:28:22.183 <Resatrax1  PortData(35, 0, 0,(     0,    -1)) 
080014:28:22.187 >Resatrax1  GetPort(35)
080014:28:22.192 <Resatrax1  PortData(35, 0, 0,(     0,    -1)) 
080014:28:22.195 >Resatrax1  Get BC-BufInfo
080014:28:22.197 <Resatrax1  BC-BufInfo: MaxTubes=20, Adr=022E, BC-Size=40, Pos-Ofs=0, Len-Ofs=4, BC-Ofs=5 
080014:28:22.199 >Resatrax1  SetPort(80,35, 9,     0,(     9))
080014:28:22.201 <Resatrax1  Info1: Pos1=     0     Pos2=      0    Error=  0000    Flags=  D_____PI 
080014:28:22.203 >Resatrax1  Execute(80)
080014:28:22.204 <Resatrax1  Info1: Pos1=     0     Pos2=      0    Error=  0000    Flags=  D______I 
200414:28:22.263 start reading strip 
080014:28:22.264 >Resatrax1  ReadRack(2,0,0 .. 19,P_______)
080014:28:22.265 <Resatrax1  Info1: Pos1=     0     Pos2=      0    Error=  0000    Flags=  D_____PI 
080014:28:22.266 >Resatrax1  Execute(80)
080014:28:22.279 <Resatrax1  Info1: Pos1=     0     Pos2=      0    Error=  0000    Flags=  _____A_I 
080014:28:22.649 <Resatrax1  Info2: res=    128     res1=   1001    res2=      3    res3=        255 
080014:28:24.670 <Resatrax1  Info1: Pos1=     0     Pos2=      0    Error=  0000    Flags=  D______I 
080014:28:24.719 >Resatrax1  GetPort(35)
080014:28:24.728 <Resatrax1  PortData(35,13, 0,(    13,    -1)) 
080014:28:24.730 >Resatrax1  GetPort(35)
080014:28:24.735 <Resatrax1  PortData(35,13, 0,(    13,    -1)) 
080014:28:24.736 >Resatrax1  GetPort(35)
080014:28:24.741 <Resatrax1  PortData(35,13, 0,(    13,    -1)) 
080014:28:24.757 >Resatrax1  GetMem(00022E,6)
080014:28:24.758 <Resatrax1  MemData(01 00 02 00 0A 32 ) 
080014:28:24.759 >Resatrax1  GetMem(000234,6)
080014:28:24.760 <Resatrax1  MemData(30 30 39 31 36 31 ) 
080014:28:24.760 >Resatrax1  GetMem(00023A,6)
080014:28:24.761 <Resatrax1  MemData(36 32 39 00 00 00 ) 
080014:28:24.761 >Resatrax1  GetMem(000240,6)
080014:28:24.763 <Resatrax1  MemData(00 00 00 00 00 00 ) 
080014:28:24.763 >Resatrax1  GetMem(000246,6)
080014:28:24.764 <Resatrax1  MemData(00 00 00 00 00 00 ) 
080014:28:24.765 >Resatrax1  GetMem(00024C,6)
080014:28:24.766 <Resatrax1  MemData(00 00 00 00 00 00 ) 
080014:28:24.766 >Resatrax1  GetMem(000252,6)
080014:28:24.768 <Resatrax1  MemData(00 00 00 00 02 00 ) 
080014:28:24.768 >Resatrax1  GetMem(000258,6)
080014:28:24.769 <Resatrax1  MemData(03 00 0A 32 30 30 ) 
080014:28:24.770 >Resatrax1  GetMem(00025E,6)
080014:28:24.771 <Resatrax1  MemData(39 31 37 39 38 34 ) 
080014:28:24.771 >Resatrax1  GetMem(000264,6)
080014:28:24.772 <Resatrax1  MemData(35 00 00 00 00 00 ) 
080014:28:24.772 >Resatrax1  GetMem(00026A,6)
080014:28:24.778 <Resatrax1  MemData(00 00 00 00 00 00 ) 
080014:28:24.778 >Resatrax1  GetMem(000270,6)
080014:28:24.780 <Resatrax1  MemData(00 00 00 00 00 00 ) 
080014:28:24.780 >Resatrax1  GetMem(000276,6)
080014:28:24.781 <Resatrax1  MemData(00 00 00 00 00 00 ) 
080014:28:24.781 >Resatrax1  GetMem(00027C,6)
080014:28:24.783 <Resatrax1  MemData(00 00 03 00 04 00 ) 
080014:28:24.783 >Resatrax1  GetMem(000282,6)
080014:28:24.785 <Resatrax1  MemData(0A 32 30 30 39 31 ) 
080014:28:24.785 >Resatrax1  GetMem(000288,6)
080014:28:24.786 <Resatrax1  MemData(36 38 36 39 31 00 ) 
080014:28:24.786 >Resatrax1  GetMem(00028E,6)
080014:28:24.788 <Resatrax1  MemData(00 00 00 00 00 00 ) 
080014:28:24.788 >Resatrax1  GetMem(000294,6)
080014:28:24.790 <Resatrax1  MemData(00 00 00 00 00 00 ) 
080014:28:24.790 >Resatrax1  GetMem(00029A,6)
080014:28:24.791 <Resatrax1  MemData(00 00 00 00 00 00 ) 
080014:28:24.791 >Resatrax1  GetMem(0002A0,6)
080014:28:24.792 <Resatrax1  MemData(00 00 00 00 00 00 ) 
080014:28:24.792 >Resatrax1  GetMem(0002A6,6)
080014:28:24.794 <Resatrax1  MemData(04 00 05 00 0A 32 ) 
080014:28:24.794 >Resatrax1  GetMem(0002AC,6)
080014:28:24.795 <Resatrax1  MemData(30 30 39 31 36 34 ) 
080014:28:24.795 >Resatrax1  GetMem(0002B2,6)
080014:28:24.796 <Resatrax1  MemData(34 30 34 00 00 00 ) 
080014:28:24.796 >Resatrax1  GetMem(0002B8,6)
080014:28:24.798 <Resatrax1  MemData(00 00 00 00 00 00 ) 
080014:28:24.798 >Resatrax1  GetMem(0002BE,6)
080014:28:24.799 <Resatrax1  MemData(00 00 00 00 00 00 ) 
080014:28:24.799 >Resatrax1  GetMem(0002C4,6)
080014:28:24.801 <Resatrax1  MemData(00 00 00 00 00 00 ) 
080014:28:24.801 >Resatrax1  GetMem(0002CA,6)
080014:28:24.802 <Resatrax1  MemData(00 00 00 00 05 00 ) 
080014:28:24.802 >Resatrax1  GetMem(0002D0,6)
080014:28:24.804 <Resatrax1  MemData(06 00 0A 32 30 30 ) 
080014:28:24.804 >Resatrax1  GetMem(0002D6,6)
080014:28:24.805 <Resatrax1  MemData(39 31 37 32 32 33 ) 
080014:28:24.805 >Resatrax1  GetMem(0002DC,6)
080014:28:24.806 <Resatrax1  MemData(38 00 00 00 00 00 ) 
080014:28:24.806 >Resatrax1  GetMem(0002E2,6)
080014:28:24.808 <Resatrax1  MemData(00 00 00 00 00 00 ) 
080014:28:24.808 >Resatrax1  GetMem(0002E8,6)
080014:28:24.809 <Resatrax1  MemData(00 00 00 00 00 00 ) 
080014:28:24.809 >Resatrax1  GetMem(0002EE,6)
080014:28:24.810 <Resatrax1  MemData(00 00 00 00 00 00 ) 
080014:28:24.810 >Resatrax1  GetMem(0002F4,6)
080014:28:24.812 <Resatrax1  MemData(00 00 06 00 07 00 ) 
080014:28:24.812 >Resatrax1  GetMem(0002FA,6)
080014:28:24.813 <Resatrax1  MemData(0A 32 30 30 39 31 ) 
080014:28:24.813 >Resatrax1  GetMem(000300,6)
080014:28:24.815 <Resatrax1  MemData(37 38 35 30 36 00 ) 
080014:28:24.815 >Resatrax1  GetMem(000306,6)
080014:28:24.816 <Resatrax1  MemData(00 00 00 00 00 00 ) 
080014:28:24.816 >Resatrax1  GetMem(00030C,6)
080014:28:24.817 <Resatrax1  MemData(00 00 00 00 00 00 ) 
080014:28:24.817 >Resatrax1  GetMem(000312,6)
080014:28:24.819 <Resatrax1  MemData(00 00 00 00 00 00 ) 
080014:28:24.819 >Resatrax1  GetMem(000318,6)
080014:28:24.820 <Resatrax1  MemData(00 00 00 00 00 00 ) 
080014:28:24.820 >Resatrax1  GetMem(00031E,6)
080014:28:24.821 <Resatrax1  MemData(07 00 08 00 0A 32 ) 
080014:28:24.821 >Resatrax1  GetMem(000324,6)
080014:28:24.823 <Resatrax1  MemData(30 30 39 31 37 31 ) 
080014:28:24.823 >Resatrax1  GetMem(00032A,6)
080014:28:24.829 <Resatrax1  MemData(36 36 38 00 00 00 ) 
080014:28:24.829 >Resatrax1  GetMem(000330,6)
080014:28:24.831 <Resatrax1  MemData(00 00 00 00 00 00 ) 
080014:28:24.831 >Resatrax1  GetMem(000336,6)
080014:28:24.832 <Resatrax1  MemData(00 00 00 00 00 00 ) 
080014:28:24.832 >Resatrax1  GetMem(00033C,6)
080014:28:24.833 <Resatrax1  MemData(00 00 00 00 00 00 ) 
080014:28:24.833 >Resatrax1  GetMem(000342,6)
080014:28:24.835 <Resatrax1  MemData(00 00 00 00 08 00 ) 
080014:28:24.835 >Resatrax1  GetMem(000348,6)
080014:28:24.836 <Resatrax1  MemData(09 00 0A 32 30 30 ) 
080014:28:24.836 >Resatrax1  GetMem(00034E,6)
080014:28:24.837 <Resatrax1  MemData(39 31 37 30 37 30 ) 
080014:28:24.837 >Resatrax1  GetMem(000354,6)
080014:28:24.839 <Resatrax1  MemData(37 00 00 00 00 00 ) 
080014:28:24.839 >Resatrax1  GetMem(00035A,6)
080014:28:24.840 <Resatrax1  MemData(00 00 00 00 00 00 ) 
080014:28:24.840 >Resatrax1  GetMem(000360,6)
080014:28:24.843 <Resatrax1  MemData(00 00 00 00 00 00 ) 
080014:28:24.843 >Resatrax1  GetMem(000366,6)
080014:28:24.843 <Resatrax1  MemData(00 00 00 00 00 00 ) 
080014:28:24.843 >Resatrax1  GetMem(00036C,6)
080014:28:24.845 <Resatrax1  MemData(00 00 09 00 0A 00 ) 
080014:28:24.845 >Resatrax1  GetMem(000372,6)
080014:28:24.846 <Resatrax1  MemData(0A 32 30 30 39 31 ) 
080014:28:24.846 >Resatrax1  GetMem(000378,6)
080014:28:24.848 <Resatrax1  MemData(36 39 37 38 34 00 ) 
080014:28:24.848 >Resatrax1  GetMem(00037E,6)
080014:28:24.849 <Resatrax1  MemData(00 00 00 00 00 00 ) 
080014:28:24.849 >Resatrax1  GetMem(000384,6)
080014:28:24.850 <Resatrax1  MemData(00 00 00 00 00 00 ) 
080014:28:24.850 >Resatrax1  GetMem(00038A,6)
080014:28:24.852 <Resatrax1  MemData(00 00 00 00 00 00 ) 
080014:28:24.852 >Resatrax1  GetMem(000390,6)
080014:28:24.853 <Resatrax1  MemData(00 00 00 00 00 00 ) 
080014:28:24.853 >Resatrax1  GetMem(000396,6)
080014:28:24.854 <Resatrax1  MemData(0A 00 0B 00 0A 32 ) 
080014:28:24.854 >Resatrax1  GetMem(00039C,6)
080014:28:24.856 <Resatrax1  MemData(30 30 39 31 36 38 ) 
080014:28:24.856 >Resatrax1  GetMem(0003A2,6)
080014:28:24.857 <Resatrax1  MemData(38 36 39 00 00 00 ) 
080014:28:24.857 >Resatrax1  GetMem(0003A8,6)
080014:28:24.858 <Resatrax1  MemData(00 00 00 00 00 00 ) 
080014:28:24.858 >Resatrax1  GetMem(0003AE,6)
080014:28:24.860 <Resatrax1  MemData(00 00 00 00 00 00 ) 
080014:28:24.860 >Resatrax1  GetMem(0003B4,6)
080014:28:24.861 <Resatrax1  MemData(00 00 00 00 00 00 ) 
080014:28:24.861 >Resatrax1  GetMem(0003BA,6)
080014:28:24.862 <Resatrax1  MemData(00 00 00 00 0B 00 ) 
080014:28:24.862 >Resatrax1  GetMem(0003C0,6)
080014:28:24.864 <Resatrax1  MemData(0C 00 0A 32 30 30 ) 
080014:28:24.864 >Resatrax1  GetMem(0003C6,6)
080014:28:24.865 <Resatrax1  MemData(39 31 36 35 39 35 ) 
080014:28:24.865 >Resatrax1  GetMem(0003CC,6)
080014:28:24.867 <Resatrax1  MemData(35 00 00 00 00 00 ) 
080014:28:24.867 >Resatrax1  GetMem(0003D2,6)
080014:28:24.868 <Resatrax1  MemData(00 00 00 00 00 00 ) 
080014:28:24.868 >Resatrax1  GetMem(0003D8,6)
080014:28:24.869 <Resatrax1  MemData(00 00 00 00 00 00 ) 
080014:28:24.869 >Resatrax1  GetMem(0003DE,6)
080014:28:24.871 <Resatrax1  MemData(00 00 00 00 00 00 ) 
080014:28:24.871 >Resatrax1  GetMem(0003E4,6)
080014:28:24.872 <Resatrax1  MemData(00 00 0C 00 0D 00 ) 
080014:28:24.872 >Resatrax1  GetMem(0003EA,6)
080014:28:24.874 <Resatrax1  MemData(0A 32 30 30 39 31 ) 
080014:28:24.874 >Resatrax1  GetMem(0003F0,6)
080014:28:24.875 <Resatrax1  MemData(36 34 30 37 33 00 ) 
080014:28:24.875 >Resatrax1  GetMem(0003F6,6)
080014:28:24.880 <Resatrax1  MemData(00 00 00 00 00 00 ) 
080014:28:24.880 >Resatrax1  GetMem(0003FC,6)
080014:28:24.882 <Resatrax1  MemData(00 00 00 00 00 00 ) 
080014:28:24.882 >Resatrax1  GetMem(000402,6)
080014:28:24.883 <Resatrax1  MemData(00 00 00 00 00 00 ) 
080014:28:24.883 >Resatrax1  GetMem(000408,6)
080014:28:24.886 <Resatrax1  MemData(00 00 00 00 00 00 ) 
080014:28:24.886 >Resatrax1  GetMem(00040E,6)
080014:28:24.887 <Resatrax1  MemData(0D 00 0E 00 0A 32 ) 
080014:28:24.887 >Resatrax1  GetMem(000414,6)
080014:28:24.889 <Resatrax1  MemData(30 30 39 31 36 34 ) 
080014:28:24.889 >Resatrax1  GetMem(00041A,6)
080014:28:24.891 <Resatrax1  MemData(30 37 37 00 00 00 ) 
080014:28:24.891 >Resatrax1  GetMem(000420,6)
080014:28:24.892 <Resatrax1  MemData(00 00 00 00 00 00 ) 
080014:28:24.892 >Resatrax1  GetMem(000426,6)
080014:28:24.894 <Resatrax1  MemData(00 00 00 00 00 00 ) 
080014:28:24.894 >Resatrax1  GetMem(00042C,6)
080014:28:24.895 <Resatrax1  MemData(00 00 00 00 00 00 ) 
080014:28:24.895 >Resatrax1  GetMem(000432,6)
080014:28:24.897 <Resatrax1  MemData(00 00 00 00 0E 00 ) 
080014:28:24.897 >Resatrax1  GetMem(000438,6)
080014:28:24.898 <Resatrax1  MemData(0F 00 0A 32 30 30 ) 
080014:28:24.898 >Resatrax1  GetMem(00043E,6)
080014:28:24.900 <Resatrax1  MemData(39 31 37 37 34 35 ) 
080014:28:24.900 >Resatrax1  GetMem(000444,6)
080014:28:24.901 <Resatrax1  MemData(35 00 00 00 00 00 ) 
080014:28:24.901 >Resatrax1  GetMem(00044A,6)
080014:28:24.902 <Resatrax1  MemData(00 00 00 00 00 00 ) 
080014:28:24.902 >Resatrax1  GetMem(000450,6)
080014:28:24.905 <Resatrax1  MemData(00 00 00 00 00 00 ) 
080014:28:24.905 >Resatrax1  GetMem(000456,6)
080014:28:24.906 <Resatrax1  MemData(00 00 00 00 00 00 ) 
080014:28:24.906 >Resatrax1  GetMem(00045C,6)
080014:28:24.907 <Resatrax1  MemData(00 00 0F 00 10 00 ) 
080014:28:24.907 >Resatrax1  GetMem(000462,6)
080014:28:24.909 <Resatrax1  MemData(0A 32 30 30 39 31 ) 
080014:28:24.909 >Resatrax1  GetMem(000468,6)
080014:28:24.910 <Resatrax1  MemData(37 30 31 37 30 00 ) 
080014:28:24.910 >Resatrax1  GetMem(00046E,6)
080014:28:24.911 <Resatrax1  MemData(00 00 00 00 00 00 ) 
080014:28:24.911 >Resatrax1  GetMem(000474,6)
080014:28:24.913 <Resatrax1  MemData(00 00 00 00 00 00 ) 
080014:28:24.913 >Resatrax1  GetMem(00047A,6)
080014:28:24.914 <Resatrax1  MemData(00 00 00 00 00 00 ) 
080014:28:24.914 >Resatrax1  GetMem(000480,6)
080014:28:24.915 <Resatrax1  MemData(00 00 00 00 00 00 ) 
080014:28:24.915 >Resatrax1  GetMem(000486,6)
080014:28:24.916 <Resatrax1  MemData(10 00 11 00 08 37 ) 
080014:28:24.916 >Resatrax1  GetMem(00048C,6)
080014:28:24.918 <Resatrax1  MemData(36 35 34 33 32 31 ) 
080014:28:24.918 >Resatrax1  GetMem(000492,6)
080014:28:24.919 <Resatrax1  MemData(30 00 00 00 00 00 ) 
080014:28:24.919 >Resatrax1  GetMem(000498,6)
080014:28:24.920 <Resatrax1  MemData(00 00 00 00 00 00 ) 
080014:28:24.920 >Resatrax1  GetMem(00049E,6)
080014:28:24.922 <Resatrax1  MemData(00 00 00 00 00 00 ) 
080014:28:24.922 >Resatrax1  GetMem(0004A4,6)
080014:28:24.923 <Resatrax1  MemData(00 00 00 00 00 00 ) 
080014:28:24.923 >Resatrax1  GetMem(0004AA,6)
080014:28:24.924 <Resatrax1  MemData(00 00 00 00 11 00 ) 
080014:28:24.924 >Resatrax1  GetMem(0004B0,6)
080014:28:24.926 <Resatrax1  MemData(12 00 09 39 39 39 ) 
080014:28:24.926 >Resatrax1  GetMem(0004B6,6)
080014:28:24.927 <Resatrax1  MemData(39 39 39 39 39 39 ) 
080014:28:24.927 >Resatrax1  GetMem(0004BC,6)
080014:28:24.932 <Resatrax1  MemData(00 00 00 00 00 00 ) 
080014:28:24.932 >Resatrax1  GetMem(0004C2,6)
080014:28:24.934 <Resatrax1  MemData(00 00 00 00 00 00 ) 
080014:28:24.934 >Resatrax1  GetMem(0004C8,6)
080014:28:24.936 <Resatrax1  MemData(00 00 00 00 00 00 ) 
080014:28:24.936 >Resatrax1  GetMem(0004CE,6)
080014:28:24.937 <Resatrax1  MemData(00 00 00 00 00 00 ) 
080014:28:24.937 >Resatrax1  GetMem(0004D4,6)
080014:28:24.939 <Resatrax1  MemData(00 00 12 00 13 00 ) 
080014:28:24.939 >Resatrax1  GetMem(0004DA,6)
080014:28:24.940 <Resatrax1  MemData(0A 32 30 30 39 31 ) 
080014:28:24.941 >Resatrax1  GetMem(0004E0,6)
080014:28:24.942 <Resatrax1  MemData(37 37 39 39 37 00 ) 
080014:28:24.942 >Resatrax1  GetMem(0004E6,6)
080014:28:24.943 <Resatrax1  MemData(00 00 00 00 00 00 ) 
080014:28:24.943 >Resatrax1  GetMem(0004EC,6)
080014:28:24.944 <Resatrax1  MemData(00 00 00 00 00 00 ) 
080014:28:24.944 >Resatrax1  GetMem(0004F2,6)
080014:28:24.946 <Resatrax1  MemData(00 00 00 00 00 00 ) 
080014:28:24.946 >Resatrax1  GetMem(0004F8,6)
080014:28:24.947 <Resatrax1  MemData(00 00 00 00 00 00 ) 
080014:28:24.947 >Resatrax1  GetMem(0004FE,6)
080014:28:24.948 <Resatrax1  MemData(13 00 14 00 08 38 ) 
080014:28:24.948 >Resatrax1  GetMem(000504,6)
080014:28:24.950 <Resatrax1  MemData(38 38 38 38 38 38 ) 
080014:28:24.950 >Resatrax1  GetMem(00050A,6)
080014:28:24.951 <Resatrax1  MemData(38 00 00 00 00 00 ) 
080014:28:24.951 >Resatrax1  GetMem(000510,6)
080014:28:24.952 <Resatrax1  MemData(00 00 00 00 00 00 ) 
080014:28:24.952 >Resatrax1  GetMem(000516,6)
080014:28:24.954 <Resatrax1  MemData(00 00 00 00 00 00 ) 
080014:28:24.954 >Resatrax1  GetMem(00051C,6)
080014:28:24.955 <Resatrax1  MemData(00 00 00 00 00 00 ) 
080014:28:24.955 >Resatrax1  GetMem(000522,6)
080014:28:24.956 <Resatrax1  MemData(00 00 00 00 14 00 ) 
080014:28:24.956 >Resatrax1  GetMem(000528,6)
080014:28:24.958 <Resatrax1  MemData(15 00 0A 31 38 31 ) 
080014:28:24.958 >Resatrax1  GetMem(00052E,6)
080014:28:24.959 <Resatrax1  MemData(37 31 36 31 35 31 ) 
080014:28:24.959 >Resatrax1  GetMem(000534,6)
080014:28:24.960 <Resatrax1  MemData(34 00 00 00 00 00 ) 
080014:28:24.960 >Resatrax1  GetMem(00053A,6)
080014:28:24.962 <Resatrax1  MemData(00 00 00 00 00 00 ) 
080014:28:24.962 >Resatrax1  GetMem(000540,6)
080014:28:24.963 <Resatrax1  MemData(00 00 00 00 00 00 ) 
080014:28:24.963 >Resatrax1  GetMem(000546,6)
080014:28:24.964 <Resatrax1  MemData(00 00 00 00 00 00 ) 
080014:28:24.964 >Resatrax1  GetMem(00054C,2)
080014:28:24.966 <Resatrax1  MemData(00 00     ) 
080014:28:25.011 >Resatrax1  SetPort(80,35,10,     0,(    10))
080014:28:25.013 <Resatrax1  Info1: Pos1=     0     Pos2=      0    Error=  0000    Flags=  D_____PI 
080014:28:25.014 >Resatrax1  Execute(80)
